2024-01-11T05:33:56+00:00 CRITICAL syntax error, unexpected token "}" in /home/stagfdif/public_html/FollowersStudio/wp-content/themes/hello-elementor-child/functions.php on line 298

2024-01-11T06:57:02+00:00 CRITICAL syntax error, unexpected token ";", expecting ")" in /home/stagfdif/public_html/FollowersStudio/wp-content/themes/hello-elementor-child/functions.php on line 349

2024-01-11T07:35:18+00:00 CRITICAL syntax error, unexpected token "/" in /home/stagfdif/public_html/FollowersStudio/wp-content/themes/hello-elementor-child/functions.php on line 461

2024-01-11T09:55:18+00:00 CRITICAL Uncaught Error: Call to a member function exists() on null in /home/stagfdif/public_html/FollowersStudio/wp-includes/user.php:1898
Stack trace:
#0 /home/stagfdif/public_html/FollowersStudio/wp-includes/pluggable.php(2781): clean_user_cache()
#1 /home/stagfdif/public_html/FollowersStudio/wp-content/themes/hello-elementor-child/functions.php(528): wp_set_password()
#2 /home/stagfdif/public_html/FollowersStudio/wp-includes/class-wp-hook.php(324): user_update_password()
#3 /home/stagfdif/public_html/FollowersStudio/wp-includes/class-wp-hook.php(348): WP_Hook->apply_filters()
#4 /home/stagfdif/public_html/FollowersStudio/wp-includes/plugin.php(517): WP_Hook->do_action()
#5 /home/stagfdif/public_html/FollowersStudio/wp-admin/admin-ajax.php(188): do_action()
#6 {main}
  thrown in /home/stagfdif/public_html/FollowersStudio/wp-includes/user.php on line 1898

2024-01-11T11:33:28+00:00 CRITICAL Uncaught Error: Failed opening required '/home/stagfdif/public_html/FollowersStudio/wp-content/themes/hello-elementor-child/invoicepdf.php' (include_path='.:/opt/alt/php81/usr/share/pear:/opt/alt/php81/usr/share/php:/usr/share/pear:/usr/share/php') in /home/stagfdif/public_html/FollowersStudio/wp-content/themes/hello-elementor-child/functions.php:7
Stack trace:
#0 /home/stagfdif/public_html/FollowersStudio/wp-settings.php(611): include()
#1 /home/stagfdif/public_html/FollowersStudio/wp-config.php(100): require_once('/home/stagfdif/...')
#2 /home/stagfdif/public_html/FollowersStudio/wp-load.php(50): require_once('/home/stagfdif/...')
#3 /home/stagfdif/public_html/FollowersStudio/wp-admin/admin-ajax.php(22): require_once('/home/stagfdif/...')
#4 {main}
  thrown in /home/stagfdif/public_html/FollowersStudio/wp-content/themes/hello-elementor-child/functions.php on line 7

2024-01-11T11:33:35+00:00 CRITICAL Uncaught Error: Failed opening required '/home/stagfdif/public_html/FollowersStudio/wp-content/themes/hello-elementor-child/invoicepdf.php' (include_path='.:/opt/alt/php81/usr/share/pear:/opt/alt/php81/usr/share/php:/usr/share/pear:/usr/share/php') in /home/stagfdif/public_html/FollowersStudio/wp-content/themes/hello-elementor-child/functions.php:7
Stack trace:
#0 /home/stagfdif/public_html/FollowersStudio/wp-settings.php(611): include()
#1 /home/stagfdif/public_html/FollowersStudio/wp-config.php(100): require_once('/home/stagfdif/...')
#2 /home/stagfdif/public_html/FollowersStudio/wp-load.php(50): require_once('/home/stagfdif/...')
#3 /home/stagfdif/public_html/FollowersStudio/wp-admin/admin-ajax.php(22): require_once('/home/stagfdif/...')
#4 {main}
  thrown in /home/stagfdif/public_html/FollowersStudio/wp-content/themes/hello-elementor-child/functions.php on line 7

2024-01-11T11:33:53+00:00 CRITICAL Uncaught Error: Failed opening required '/home/stagfdif/public_html/FollowersStudio/wp-content/themes/hello-elementor-child/invoicepdf.php' (include_path='.:/opt/alt/php81/usr/share/pear:/opt/alt/php81/usr/share/php:/usr/share/pear:/usr/share/php') in /home/stagfdif/public_html/FollowersStudio/wp-content/themes/hello-elementor-child/functions.php:7
Stack trace:
#0 /home/stagfdif/public_html/FollowersStudio/wp-settings.php(611): include()
#1 /home/stagfdif/public_html/FollowersStudio/wp-config.php(100): require_once('/home/stagfdif/...')
#2 /home/stagfdif/public_html/FollowersStudio/wp-load.php(50): require_once('/home/stagfdif/...')
#3 /home/stagfdif/public_html/FollowersStudio/wp-admin/admin-ajax.php(22): require_once('/home/stagfdif/...')
#4 {main}
  thrown in /home/stagfdif/public_html/FollowersStudio/wp-content/themes/hello-elementor-child/functions.php on line 7

2024-01-11T11:33:53+00:00 CRITICAL Uncaught Error: Failed opening required '/home/stagfdif/public_html/FollowersStudio/wp-content/themes/hello-elementor-child/invoicepdf.php' (include_path='.:/opt/alt/php81/usr/share/pear:/opt/alt/php81/usr/share/php:/usr/share/pear:/usr/share/php') in /home/stagfdif/public_html/FollowersStudio/wp-content/themes/hello-elementor-child/functions.php:7
Stack trace:
#0 /home/stagfdif/public_html/FollowersStudio/wp-settings.php(611): include()
#1 /home/stagfdif/public_html/FollowersStudio/wp-config.php(100): require_once('/home/stagfdif/...')
#2 /home/stagfdif/public_html/FollowersStudio/wp-load.php(50): require_once('/home/stagfdif/...')
#3 /home/stagfdif/public_html/FollowersStudio/wp-admin/admin-ajax.php(22): require_once('/home/stagfdif/...')
#4 {main}
  thrown in /home/stagfdif/public_html/FollowersStudio/wp-content/themes/hello-elementor-child/functions.php on line 7

2024-01-11T11:33:56+00:00 CRITICAL Uncaught Error: Failed opening required '/home/stagfdif/public_html/FollowersStudio/wp-content/themes/hello-elementor-child/invoicepdf.php' (include_path='.:/opt/alt/php81/usr/share/pear:/opt/alt/php81/usr/share/php:/usr/share/pear:/usr/share/php') in /home/stagfdif/public_html/FollowersStudio/wp-content/themes/hello-elementor-child/functions.php:7
Stack trace:
#0 /home/stagfdif/public_html/FollowersStudio/wp-settings.php(611): include()
#1 /home/stagfdif/public_html/FollowersStudio/wp-config.php(100): require_once('/home/stagfdif/...')
#2 /home/stagfdif/public_html/FollowersStudio/wp-load.php(50): require_once('/home/stagfdif/...')
#3 /home/stagfdif/public_html/FollowersStudio/wp-admin/admin-ajax.php(22): require_once('/home/stagfdif/...')
#4 {main}
  thrown in /home/stagfdif/public_html/FollowersStudio/wp-content/themes/hello-elementor-child/functions.php on line 7

2024-01-11T11:33:58+00:00 CRITICAL Uncaught Error: Failed opening required '/home/stagfdif/public_html/FollowersStudio/wp-content/themes/hello-elementor-child/invoicepdf.php' (include_path='.:/opt/alt/php81/usr/share/pear:/opt/alt/php81/usr/share/php:/usr/share/pear:/usr/share/php') in /home/stagfdif/public_html/FollowersStudio/wp-content/themes/hello-elementor-child/functions.php:7
Stack trace:
#0 /home/stagfdif/public_html/FollowersStudio/wp-settings.php(611): include()
#1 /home/stagfdif/public_html/FollowersStudio/wp-config.php(100): require_once('/home/stagfdif/...')
#2 /home/stagfdif/public_html/FollowersStudio/wp-load.php(50): require_once('/home/stagfdif/...')
#3 /home/stagfdif/public_html/FollowersStudio/wp-admin/admin-ajax.php(22): require_once('/home/stagfdif/...')
#4 {main}
  thrown in /home/stagfdif/public_html/FollowersStudio/wp-content/themes/hello-elementor-child/functions.php on line 7

2024-01-11T11:34:09+00:00 CRITICAL Uncaught Error: Failed opening required '/home/stagfdif/public_html/FollowersStudio/wp-content/themes/hello-elementor-child/invoicepdf.php' (include_path='.:/opt/alt/php81/usr/share/pear:/opt/alt/php81/usr/share/php:/usr/share/pear:/usr/share/php') in /home/stagfdif/public_html/FollowersStudio/wp-content/themes/hello-elementor-child/functions.php:7
Stack trace:
#0 /home/stagfdif/public_html/FollowersStudio/wp-settings.php(611): include()
#1 /home/stagfdif/public_html/FollowersStudio/wp-config.php(100): require_once('/home/stagfdif/...')
#2 /home/stagfdif/public_html/FollowersStudio/wp-load.php(50): require_once('/home/stagfdif/...')
#3 /home/stagfdif/public_html/FollowersStudio/wp-admin/admin-ajax.php(22): require_once('/home/stagfdif/...')
#4 {main}
  thrown in /home/stagfdif/public_html/FollowersStudio/wp-content/themes/hello-elementor-child/functions.php on line 7

2024-01-11T11:34:10+00:00 CRITICAL Uncaught Error: Failed opening required '/home/stagfdif/public_html/FollowersStudio/wp-content/themes/hello-elementor-child/invoicepdf.php' (include_path='.:/opt/alt/php81/usr/share/pear:/opt/alt/php81/usr/share/php:/usr/share/pear:/usr/share/php') in /home/stagfdif/public_html/FollowersStudio/wp-content/themes/hello-elementor-child/functions.php:7
Stack trace:
#0 /home/stagfdif/public_html/FollowersStudio/wp-settings.php(611): include()
#1 /home/stagfdif/public_html/FollowersStudio/wp-config.php(100): require_once('/home/stagfdif/...')
#2 /home/stagfdif/public_html/FollowersStudio/wp-load.php(50): require_once('/home/stagfdif/...')
#3 /home/stagfdif/public_html/FollowersStudio/wp-admin/admin-ajax.php(22): require_once('/home/stagfdif/...')
#4 {main}
  thrown in /home/stagfdif/public_html/FollowersStudio/wp-content/themes/hello-elementor-child/functions.php on line 7

2024-01-11T11:34:18+00:00 CRITICAL Uncaught Error: Failed opening required '/home/stagfdif/public_html/FollowersStudio/wp-content/themes/hello-elementor-child/invoicepdf.php' (include_path='.:/opt/alt/php81/usr/share/pear:/opt/alt/php81/usr/share/php:/usr/share/pear:/usr/share/php') in /home/stagfdif/public_html/FollowersStudio/wp-content/themes/hello-elementor-child/functions.php:7
Stack trace:
#0 /home/stagfdif/public_html/FollowersStudio/wp-settings.php(611): include()
#1 /home/stagfdif/public_html/FollowersStudio/wp-config.php(100): require_once('/home/stagfdif/...')
#2 /home/stagfdif/public_html/FollowersStudio/wp-load.php(50): require_once('/home/stagfdif/...')
#3 /home/stagfdif/public_html/FollowersStudio/wp-admin/admin-ajax.php(22): require_once('/home/stagfdif/...')
#4 {main}
  thrown in /home/stagfdif/public_html/FollowersStudio/wp-content/themes/hello-elementor-child/functions.php on line 7

2024-01-11T11:34:19+00:00 CRITICAL Uncaught Error: Failed opening required '/home/stagfdif/public_html/FollowersStudio/wp-content/themes/hello-elementor-child/invoicepdf.php' (include_path='.:/opt/alt/php81/usr/share/pear:/opt/alt/php81/usr/share/php:/usr/share/pear:/usr/share/php') in /home/stagfdif/public_html/FollowersStudio/wp-content/themes/hello-elementor-child/functions.php:7
Stack trace:
#0 /home/stagfdif/public_html/FollowersStudio/wp-settings.php(611): include()
#1 /home/stagfdif/public_html/FollowersStudio/wp-config.php(100): require_once('/home/stagfdif/...')
#2 /home/stagfdif/public_html/FollowersStudio/wp-load.php(50): require_once('/home/stagfdif/...')
#3 /home/stagfdif/public_html/FollowersStudio/wp-admin/admin-ajax.php(22): require_once('/home/stagfdif/...')
#4 {main}
  thrown in /home/stagfdif/public_html/FollowersStudio/wp-content/themes/hello-elementor-child/functions.php on line 7

2024-01-11T11:34:19+00:00 CRITICAL Uncaught Error: Failed opening required '/home/stagfdif/public_html/FollowersStudio/wp-content/themes/hello-elementor-child/invoicepdf.php' (include_path='.:/opt/alt/php81/usr/share/pear:/opt/alt/php81/usr/share/php:/usr/share/pear:/usr/share/php') in /home/stagfdif/public_html/FollowersStudio/wp-content/themes/hello-elementor-child/functions.php:7
Stack trace:
#0 /home/stagfdif/public_html/FollowersStudio/wp-settings.php(611): include()
#1 /home/stagfdif/public_html/FollowersStudio/wp-config.php(100): require_once('/home/stagfdif/...')
#2 /home/stagfdif/public_html/FollowersStudio/wp-load.php(50): require_once('/home/stagfdif/...')
#3 /home/stagfdif/public_html/FollowersStudio/wp-admin/admin-ajax.php(22): require_once('/home/stagfdif/...')
#4 {main}
  thrown in /home/stagfdif/public_html/FollowersStudio/wp-content/themes/hello-elementor-child/functions.php on line 7

2024-01-11T11:34:26+00:00 CRITICAL Uncaught Error: Failed opening required '/home/stagfdif/public_html/FollowersStudio/wp-content/themes/hello-elementor-child/invoicepdf.php' (include_path='.:/opt/alt/php81/usr/share/pear:/opt/alt/php81/usr/share/php:/usr/share/pear:/usr/share/php') in /home/stagfdif/public_html/FollowersStudio/wp-content/themes/hello-elementor-child/functions.php:7
Stack trace:
#0 /home/stagfdif/public_html/FollowersStudio/wp-settings.php(611): include()
#1 /home/stagfdif/public_html/FollowersStudio/wp-config.php(100): require_once('/home/stagfdif/...')
#2 /home/stagfdif/public_html/FollowersStudio/wp-load.php(50): require_once('/home/stagfdif/...')
#3 /home/stagfdif/public_html/FollowersStudio/wp-admin/admin-ajax.php(22): require_once('/home/stagfdif/...')
#4 {main}
  thrown in /home/stagfdif/public_html/FollowersStudio/wp-content/themes/hello-elementor-child/functions.php on line 7

2024-01-11T11:34:28+00:00 CRITICAL Uncaught Error: Failed opening required '/home/stagfdif/public_html/FollowersStudio/wp-content/themes/hello-elementor-child/invoicepdf.php' (include_path='.:/opt/alt/php81/usr/share/pear:/opt/alt/php81/usr/share/php:/usr/share/pear:/usr/share/php') in /home/stagfdif/public_html/FollowersStudio/wp-content/themes/hello-elementor-child/functions.php:7
Stack trace:
#0 /home/stagfdif/public_html/FollowersStudio/wp-settings.php(611): include()
#1 /home/stagfdif/public_html/FollowersStudio/wp-config.php(100): require_once('/home/stagfdif/...')
#2 /home/stagfdif/public_html/FollowersStudio/wp-load.php(50): require_once('/home/stagfdif/...')
#3 /home/stagfdif/public_html/FollowersStudio/wp-admin/admin-ajax.php(22): require_once('/home/stagfdif/...')
#4 {main}
  thrown in /home/stagfdif/public_html/FollowersStudio/wp-content/themes/hello-elementor-child/functions.php on line 7

2024-01-11T11:34:29+00:00 CRITICAL Uncaught Error: Failed opening required '/home/stagfdif/public_html/FollowersStudio/wp-content/themes/hello-elementor-child/invoicepdf.php' (include_path='.:/opt/alt/php81/usr/share/pear:/opt/alt/php81/usr/share/php:/usr/share/pear:/usr/share/php') in /home/stagfdif/public_html/FollowersStudio/wp-content/themes/hello-elementor-child/functions.php:7
Stack trace:
#0 /home/stagfdif/public_html/FollowersStudio/wp-settings.php(611): include()
#1 /home/stagfdif/public_html/FollowersStudio/wp-config.php(100): require_once('/home/stagfdif/...')
#2 /home/stagfdif/public_html/FollowersStudio/wp-load.php(50): require_once('/home/stagfdif/...')
#3 /home/stagfdif/public_html/FollowersStudio/wp-admin/admin-ajax.php(22): require_once('/home/stagfdif/...')
#4 {main}
  thrown in /home/stagfdif/public_html/FollowersStudio/wp-content/themes/hello-elementor-child/functions.php on line 7

2024-01-11T11:34:38+00:00 CRITICAL Uncaught Error: Failed opening required '/home/stagfdif/public_html/FollowersStudio/wp-content/themes/hello-elementor-child/invoicepdf.php' (include_path='.:/opt/alt/php81/usr/share/pear:/opt/alt/php81/usr/share/php:/usr/share/pear:/usr/share/php') in /home/stagfdif/public_html/FollowersStudio/wp-content/themes/hello-elementor-child/functions.php:7
Stack trace:
#0 /home/stagfdif/public_html/FollowersStudio/wp-settings.php(611): include()
#1 /home/stagfdif/public_html/FollowersStudio/wp-config.php(100): require_once('/home/stagfdif/...')
#2 /home/stagfdif/public_html/FollowersStudio/wp-load.php(50): require_once('/home/stagfdif/...')
#3 /home/stagfdif/public_html/FollowersStudio/wp-admin/admin-ajax.php(22): require_once('/home/stagfdif/...')
#4 {main}
  thrown in /home/stagfdif/public_html/FollowersStudio/wp-content/themes/hello-elementor-child/functions.php on line 7

2024-01-11T11:34:41+00:00 CRITICAL Uncaught Error: Failed opening required '/home/stagfdif/public_html/FollowersStudio/wp-content/themes/hello-elementor-child/invoicepdf.php' (include_path='.:/opt/alt/php81/usr/share/pear:/opt/alt/php81/usr/share/php:/usr/share/pear:/usr/share/php') in /home/stagfdif/public_html/FollowersStudio/wp-content/themes/hello-elementor-child/functions.php:7
Stack trace:
#0 /home/stagfdif/public_html/FollowersStudio/wp-settings.php(611): include()
#1 /home/stagfdif/public_html/FollowersStudio/wp-config.php(100): require_once('/home/stagfdif/...')
#2 /home/stagfdif/public_html/FollowersStudio/wp-load.php(50): require_once('/home/stagfdif/...')
#3 /home/stagfdif/public_html/FollowersStudio/wp-admin/admin-ajax.php(22): require_once('/home/stagfdif/...')
#4 {main}
  thrown in /home/stagfdif/public_html/FollowersStudio/wp-content/themes/hello-elementor-child/functions.php on line 7

2024-01-11T11:34:42+00:00 CRITICAL Uncaught Error: Failed opening required '/home/stagfdif/public_html/FollowersStudio/wp-content/themes/hello-elementor-child/invoicepdf.php' (include_path='.:/opt/alt/php81/usr/share/pear:/opt/alt/php81/usr/share/php:/usr/share/pear:/usr/share/php') in /home/stagfdif/public_html/FollowersStudio/wp-content/themes/hello-elementor-child/functions.php:7
Stack trace:
#0 /home/stagfdif/public_html/FollowersStudio/wp-settings.php(611): include()
#1 /home/stagfdif/public_html/FollowersStudio/wp-config.php(100): require_once('/home/stagfdif/...')
#2 /home/stagfdif/public_html/FollowersStudio/wp-load.php(50): require_once('/home/stagfdif/...')
#3 /home/stagfdif/public_html/FollowersStudio/wp-admin/admin.php(34): require_once('/home/stagfdif/...')
#4 /home/stagfdif/public_html/FollowersStudio/wp-admin/customize.php(13): require_once('/home/stagfdif/...')
#5 {main}
  thrown in /home/stagfdif/public_html/FollowersStudio/wp-content/themes/hello-elementor-child/functions.php on line 7

2024-01-11T11:34:45+00:00 CRITICAL Uncaught Error: Failed opening required '/home/stagfdif/public_html/FollowersStudio/wp-content/themes/hello-elementor-child/invoicepdf.php' (include_path='.:/opt/alt/php81/usr/share/pear:/opt/alt/php81/usr/share/php:/usr/share/pear:/usr/share/php') in /home/stagfdif/public_html/FollowersStudio/wp-content/themes/hello-elementor-child/functions.php:7
Stack trace:
#0 /home/stagfdif/public_html/FollowersStudio/wp-settings.php(611): include()
#1 /home/stagfdif/public_html/FollowersStudio/wp-config.php(100): require_once('/home/stagfdif/...')
#2 /home/stagfdif/public_html/FollowersStudio/wp-load.php(50): require_once('/home/stagfdif/...')
#3 /home/stagfdif/public_html/FollowersStudio/wp-admin/admin.php(34): require_once('/home/stagfdif/...')
#4 /home/stagfdif/public_html/FollowersStudio/wp-admin/customize.php(13): require_once('/home/stagfdif/...')
#5 {main}
  thrown in /home/stagfdif/public_html/FollowersStudio/wp-content/themes/hello-elementor-child/functions.php on line 7

2024-01-11T11:34:47+00:00 CRITICAL Uncaught Error: Failed opening required '/home/stagfdif/public_html/FollowersStudio/wp-content/themes/hello-elementor-child/invoicepdf.php' (include_path='.:/opt/alt/php81/usr/share/pear:/opt/alt/php81/usr/share/php:/usr/share/pear:/usr/share/php') in /home/stagfdif/public_html/FollowersStudio/wp-content/themes/hello-elementor-child/functions.php:7
Stack trace:
#0 /home/stagfdif/public_html/FollowersStudio/wp-settings.php(611): include()
#1 /home/stagfdif/public_html/FollowersStudio/wp-config.php(100): require_once('/home/stagfdif/...')
#2 /home/stagfdif/public_html/FollowersStudio/wp-load.php(50): require_once('/home/stagfdif/...')
#3 /home/stagfdif/public_html/FollowersStudio/wp-admin/admin.php(34): require_once('/home/stagfdif/...')
#4 /home/stagfdif/public_html/FollowersStudio/wp-admin/customize.php(13): require_once('/home/stagfdif/...')
#5 {main}
  thrown in /home/stagfdif/public_html/FollowersStudio/wp-content/themes/hello-elementor-child/functions.php on line 7

2024-01-11T11:35:12+00:00 CRITICAL Uncaught Error: Failed opening required '/home/stagfdif/public_html/FollowersStudio/wp-content/themes/hello-elementor-child/invoicepdf.php' (include_path='.:/opt/alt/php81/usr/share/pear:/opt/alt/php81/usr/share/php:/usr/share/pear:/usr/share/php') in /home/stagfdif/public_html/FollowersStudio/wp-content/themes/hello-elementor-child/functions.php:7
Stack trace:
#0 /home/stagfdif/public_html/FollowersStudio/wp-settings.php(611): include()
#1 /home/stagfdif/public_html/FollowersStudio/wp-config.php(100): require_once('/home/stagfdif/...')
#2 /home/stagfdif/public_html/FollowersStudio/wp-load.php(50): require_once('/home/stagfdif/...')
#3 /home/stagfdif/public_html/FollowersStudio/wp-admin/admin.php(34): require_once('/home/stagfdif/...')
#4 /home/stagfdif/public_html/FollowersStudio/wp-admin/customize.php(13): require_once('/home/stagfdif/...')
#5 {main}
  thrown in /home/stagfdif/public_html/FollowersStudio/wp-content/themes/hello-elementor-child/functions.php on line 7

2024-01-11T11:35:18+00:00 CRITICAL Uncaught Error: Failed opening required '/home/stagfdif/public_html/FollowersStudio/wp-content/themes/hello-elementor-child/invoicepdf.php' (include_path='.:/opt/alt/php81/usr/share/pear:/opt/alt/php81/usr/share/php:/usr/share/pear:/usr/share/php') in /home/stagfdif/public_html/FollowersStudio/wp-content/themes/hello-elementor-child/functions.php:7
Stack trace:
#0 /home/stagfdif/public_html/FollowersStudio/wp-settings.php(611): include()
#1 /home/stagfdif/public_html/FollowersStudio/wp-config.php(100): require_once('/home/stagfdif/...')
#2 /home/stagfdif/public_html/FollowersStudio/wp-load.php(50): require_once('/home/stagfdif/...')
#3 /home/stagfdif/public_html/FollowersStudio/wp-blog-header.php(13): require_once('/home/stagfdif/...')
#4 /home/stagfdif/public_html/FollowersStudio/index.php(17): require('/home/stagfdif/...')
#5 {main}
  thrown in /home/stagfdif/public_html/FollowersStudio/wp-content/themes/hello-elementor-child/functions.php on line 7

2024-01-11T11:35:20+00:00 CRITICAL Uncaught Error: Failed opening required '/home/stagfdif/public_html/FollowersStudio/wp-content/themes/hello-elementor-child/invoicepdf.php' (include_path='.:/opt/alt/php81/usr/share/pear:/opt/alt/php81/usr/share/php:/usr/share/pear:/usr/share/php') in /home/stagfdif/public_html/FollowersStudio/wp-content/themes/hello-elementor-child/functions.php:7
Stack trace:
#0 /home/stagfdif/public_html/FollowersStudio/wp-settings.php(611): include()
#1 /home/stagfdif/public_html/FollowersStudio/wp-config.php(100): require_once('/home/stagfdif/...')
#2 /home/stagfdif/public_html/FollowersStudio/wp-load.php(50): require_once('/home/stagfdif/...')
#3 /home/stagfdif/public_html/FollowersStudio/wp-admin/admin-ajax.php(22): require_once('/home/stagfdif/...')
#4 {main}
  thrown in /home/stagfdif/public_html/FollowersStudio/wp-content/themes/hello-elementor-child/functions.php on line 7

2024-01-11T11:35:27+00:00 CRITICAL Uncaught Error: Failed opening required '/home/stagfdif/public_html/FollowersStudio/wp-content/themes/hello-elementor-child/invoicepdf.php' (include_path='.:/opt/alt/php81/usr/share/pear:/opt/alt/php81/usr/share/php:/usr/share/pear:/usr/share/php') in /home/stagfdif/public_html/FollowersStudio/wp-content/themes/hello-elementor-child/functions.php:7
Stack trace:
#0 /home/stagfdif/public_html/FollowersStudio/wp-settings.php(611): include()
#1 /home/stagfdif/public_html/FollowersStudio/wp-config.php(100): require_once('/home/stagfdif/...')
#2 /home/stagfdif/public_html/FollowersStudio/wp-load.php(50): require_once('/home/stagfdif/...')
#3 /home/stagfdif/public_html/FollowersStudio/wp-admin/admin-ajax.php(22): require_once('/home/stagfdif/...')
#4 {main}
  thrown in /home/stagfdif/public_html/FollowersStudio/wp-content/themes/hello-elementor-child/functions.php on line 7

2024-01-11T11:36:34+00:00 CRITICAL Uncaught Error: Failed opening required '/home/stagfdif/public_html/FollowersStudio/wp-content/themes/hello-elementor-child/invoicepdf.php' (include_path='.:/opt/alt/php81/usr/share/pear:/opt/alt/php81/usr/share/php:/usr/share/pear:/usr/share/php') in /home/stagfdif/public_html/FollowersStudio/wp-content/themes/hello-elementor-child/functions.php:7
Stack trace:
#0 /home/stagfdif/public_html/FollowersStudio/wp-settings.php(611): include()
#1 /home/stagfdif/public_html/FollowersStudio/wp-config.php(100): require_once('/home/stagfdif/...')
#2 /home/stagfdif/public_html/FollowersStudio/wp-load.php(50): require_once('/home/stagfdif/...')
#3 /home/stagfdif/public_html/FollowersStudio/wp-admin/admin-ajax.php(22): require_once('/home/stagfdif/...')
#4 {main}
  thrown in /home/stagfdif/public_html/FollowersStudio/wp-content/themes/hello-elementor-child/functions.php on line 7

2024-01-11T11:36:34+00:00 CRITICAL Uncaught Error: Failed opening required '/home/stagfdif/public_html/FollowersStudio/wp-content/themes/hello-elementor-child/invoicepdf.php' (include_path='.:/opt/alt/php81/usr/share/pear:/opt/alt/php81/usr/share/php:/usr/share/pear:/usr/share/php') in /home/stagfdif/public_html/FollowersStudio/wp-content/themes/hello-elementor-child/functions.php:7
Stack trace:
#0 /home/stagfdif/public_html/FollowersStudio/wp-settings.php(611): include()
#1 /home/stagfdif/public_html/FollowersStudio/wp-config.php(100): require_once('/home/stagfdif/...')
#2 /home/stagfdif/public_html/FollowersStudio/wp-load.php(50): require_once('/home/stagfdif/...')
#3 /home/stagfdif/public_html/FollowersStudio/wp-admin/admin-ajax.php(22): require_once('/home/stagfdif/...')
#4 {main}
  thrown in /home/stagfdif/public_html/FollowersStudio/wp-content/themes/hello-elementor-child/functions.php on line 7

2024-01-11T11:36:34+00:00 CRITICAL Uncaught Error: Failed opening required '/home/stagfdif/public_html/FollowersStudio/wp-content/themes/hello-elementor-child/invoicepdf.php' (include_path='.:/opt/alt/php81/usr/share/pear:/opt/alt/php81/usr/share/php:/usr/share/pear:/usr/share/php') in /home/stagfdif/public_html/FollowersStudio/wp-content/themes/hello-elementor-child/functions.php:7
Stack trace:
#0 /home/stagfdif/public_html/FollowersStudio/wp-settings.php(611): include()
#1 /home/stagfdif/public_html/FollowersStudio/wp-config.php(100): require_once('/home/stagfdif/...')
#2 /home/stagfdif/public_html/FollowersStudio/wp-load.php(50): require_once('/home/stagfdif/...')
#3 /home/stagfdif/public_html/FollowersStudio/wp-admin/admin-ajax.php(22): require_once('/home/stagfdif/...')
#4 {main}
  thrown in /home/stagfdif/public_html/FollowersStudio/wp-content/themes/hello-elementor-child/functions.php on line 7

2024-01-11T11:36:37+00:00 CRITICAL Uncaught Error: Failed opening required '/home/stagfdif/public_html/FollowersStudio/wp-content/themes/hello-elementor-child/invoicepdf.php' (include_path='.:/opt/alt/php81/usr/share/pear:/opt/alt/php81/usr/share/php:/usr/share/pear:/usr/share/php') in /home/stagfdif/public_html/FollowersStudio/wp-content/themes/hello-elementor-child/functions.php:7
Stack trace:
#0 /home/stagfdif/public_html/FollowersStudio/wp-settings.php(611): include()
#1 /home/stagfdif/public_html/FollowersStudio/wp-config.php(100): require_once('/home/stagfdif/...')
#2 /home/stagfdif/public_html/FollowersStudio/wp-load.php(50): require_once('/home/stagfdif/...')
#3 /home/stagfdif/public_html/FollowersStudio/wp-blog-header.php(13): require_once('/home/stagfdif/...')
#4 /home/stagfdif/public_html/FollowersStudio/index.php(17): require('/home/stagfdif/...')
#5 {main}
  thrown in /home/stagfdif/public_html/FollowersStudio/wp-content/themes/hello-elementor-child/functions.php on line 7

2024-01-11T11:36:40+00:00 CRITICAL Uncaught Error: Failed opening required '/home/stagfdif/public_html/FollowersStudio/wp-content/themes/hello-elementor-child/invoicepdf.php' (include_path='.:/opt/alt/php81/usr/share/pear:/opt/alt/php81/usr/share/php:/usr/share/pear:/usr/share/php') in /home/stagfdif/public_html/FollowersStudio/wp-content/themes/hello-elementor-child/functions.php:7
Stack trace:
#0 /home/stagfdif/public_html/FollowersStudio/wp-settings.php(611): include()
#1 /home/stagfdif/public_html/FollowersStudio/wp-config.php(100): require_once('/home/stagfdif/...')
#2 /home/stagfdif/public_html/FollowersStudio/wp-load.php(50): require_once('/home/stagfdif/...')
#3 /home/stagfdif/public_html/FollowersStudio/wp-blog-header.php(13): require_once('/home/stagfdif/...')
#4 /home/stagfdif/public_html/FollowersStudio/index.php(17): require('/home/stagfdif/...')
#5 {main}
  thrown in /home/stagfdif/public_html/FollowersStudio/wp-content/themes/hello-elementor-child/functions.php on line 7

2024-01-11T12:25:38+00:00 CRITICAL Uncaught Error: Call to undefined method Automattic\WooCommerce\Admin\Overrides\Order::get_total_paid() in /home/stagfdif/public_html/FollowersStudio/wp-content/themes/hello-elementor-child/functions.php:328
Stack trace:
#0 /home/stagfdif/public_html/FollowersStudio/wp-includes/shortcodes.php(433): fs_user_profile()
#1 [internal function]: do_shortcode_tag()
#2 /home/stagfdif/public_html/FollowersStudio/wp-includes/shortcodes.php(273): preg_replace_callback()
#3 /home/stagfdif/public_html/FollowersStudio/wp-content/plugins/elementor/includes/widgets/shortcode.php(130): do_shortcode()
#4 /home/stagfdif/public_html/FollowersStudio/wp-content/plugins/elementor/includes/base/controls-stack.php(2297): Elementor\Widget_Shortcode->render()
#5 /home/stagfdif/public_html/FollowersStudio/wp-content/plugins/elementor/includes/base/widget-base.php(614): Elementor\Controls_Stack->render_by_mode()
#6 /home/stagfdif/public_html/FollowersStudio/wp-content/plugins/elementor/includes/base/widget-base.php(755): Elementor\Widget_Base->render_content()
#7 /home/stagfdif/public_html/FollowersStudio/wp-content/plugins/elementor/includes/base/element-base.php(464): Elementor\Widget_Base->print_content()
#8 /home/stagfdif/public_html/FollowersStudio/wp-content/plugins/elementor/includes/base/element-base.php(1375): Elementor\Element_Base->print_element()
#9 /home/stagfdif/public_html/FollowersStudio/wp-content/plugins/elementor/includes/base/element-base.php(464): Elementor\Element_Base->print_content()
#10 /home/stagfdif/public_html/FollowersStudio/wp-content/plugins/elementor/includes/base/element-base.php(1375): Elementor\Element_Base->print_element()
#11 /home/stagfdif/public_html/FollowersStudio/wp-content/plugins/elementor/includes/base/element-base.php(464): Elementor\Element_Base->print_content()
#12 /home/stagfdif/public_html/FollowersStudio/wp-content/plugins/elementor/includes/base/element-base.php(1375): Elementor\Element_Base->print_element()
#13 /home/stagfdif/public_html/FollowersStudio/wp-content/plugins/elementor/includes/base/element-base.php(464): Elementor\Element_Base->print_content()
#14 /home/stagfdif/public_html/FollowersStudio/wp-content/plugins/elementor/includes/base/element-base.php(1375): Elementor\Element_Base->print_element()
#15 /home/stagfdif/public_html/FollowersStudio/wp-content/plugins/elementor/includes/base/element-base.php(464): Elementor\Element_Base->print_content()
#16 /home/stagfdif/public_html/FollowersStudio/wp-content/plugins/elementor/core/base/document.php(1749): Elementor\Element_Base->print_element()
#17 /home/stagfdif/public_html/FollowersStudio/wp-content/plugins/elementor/core/base/document.php(1144): Elementor\Core\Base\Document->print_elements()
#18 /home/stagfdif/public_html/FollowersStudio/wp-content/plugins/elementor/includes/frontend.php(1179): Elementor\Core\Base\Document->print_elements_with_wrapper()
#19 /home/stagfdif/public_html/FollowersStudio/wp-content/plugins/elementor/includes/frontend.php(1074): Elementor\Frontend->get_builder_content()
#20 /home/stagfdif/public_html/FollowersStudio/wp-includes/class-wp-hook.php(324): Elementor\Frontend->apply_builder_in_content()
#21 /home/stagfdif/public_html/FollowersStudio/wp-includes/plugin.php(205): WP_Hook->apply_filters()
#22 /home/stagfdif/public_html/FollowersStudio/wp-includes/post-template.php(256): apply_filters()
#23 /home/stagfdif/public_html/FollowersStudio/wp-content/plugins/elementor/modules/page-templates/module.php(190): the_content()
#24 [internal function]: Elementor\Modules\PageTemplates\Module->print_callback()
#25 /home/stagfdif/public_html/FollowersStudio/wp-content/plugins/elementor/modules/page-templates/module.php(207): call_user_func()
#26 /home/stagfdif/public_html/FollowersStudio/wp-content/plugins/elementor/modules/page-templates/templates/header-footer.php(19): Elementor\Modules\PageTemplates\Module->print_content()
#27 /home/stagfdif/public_html/FollowersStudio/wp-includes/template-loader.php(106): include('/home/stagfdif/...')
#28 /home/stagfdif/public_html/FollowersStudio/wp-blog-header.php(19): require_once('/home/stagfdif/...')
#29 /home/stagfdif/public_html/FollowersStudio/index.php(17): require('/home/stagfdif/...')
#30 {main}
  thrown in /home/stagfdif/public_html/FollowersStudio/wp-content/themes/hello-elementor-child/functions.php on line 328

2024-01-11T12:25:50+00:00 CRITICAL Uncaught Error: Call to undefined method Automattic\WooCommerce\Admin\Overrides\Order::get_total_paid() in /home/stagfdif/public_html/FollowersStudio/wp-content/themes/hello-elementor-child/functions.php:328
Stack trace:
#0 /home/stagfdif/public_html/FollowersStudio/wp-includes/shortcodes.php(433): fs_user_profile()
#1 [internal function]: do_shortcode_tag()
#2 /home/stagfdif/public_html/FollowersStudio/wp-includes/shortcodes.php(273): preg_replace_callback()
#3 /home/stagfdif/public_html/FollowersStudio/wp-content/plugins/elementor/includes/widgets/shortcode.php(130): do_shortcode()
#4 /home/stagfdif/public_html/FollowersStudio/wp-content/plugins/elementor/includes/base/controls-stack.php(2297): Elementor\Widget_Shortcode->render()
#5 /home/stagfdif/public_html/FollowersStudio/wp-content/plugins/elementor/includes/base/widget-base.php(614): Elementor\Controls_Stack->render_by_mode()
#6 /home/stagfdif/public_html/FollowersStudio/wp-content/plugins/elementor/includes/base/widget-base.php(755): Elementor\Widget_Base->render_content()
#7 /home/stagfdif/public_html/FollowersStudio/wp-content/plugins/elementor/includes/base/element-base.php(464): Elementor\Widget_Base->print_content()
#8 /home/stagfdif/public_html/FollowersStudio/wp-content/plugins/elementor/includes/base/element-base.php(1375): Elementor\Element_Base->print_element()
#9 /home/stagfdif/public_html/FollowersStudio/wp-content/plugins/elementor/includes/base/element-base.php(464): Elementor\Element_Base->print_content()
#10 /home/stagfdif/public_html/FollowersStudio/wp-content/plugins/elementor/includes/base/element-base.php(1375): Elementor\Element_Base->print_element()
#11 /home/stagfdif/public_html/FollowersStudio/wp-content/plugins/elementor/includes/base/element-base.php(464): Elementor\Element_Base->print_content()
#12 /home/stagfdif/public_html/FollowersStudio/wp-content/plugins/elementor/includes/base/element-base.php(1375): Elementor\Element_Base->print_element()
#13 /home/stagfdif/public_html/FollowersStudio/wp-content/plugins/elementor/includes/base/element-base.php(464): Elementor\Element_Base->print_content()
#14 /home/stagfdif/public_html/FollowersStudio/wp-content/plugins/elementor/includes/base/element-base.php(1375): Elementor\Element_Base->print_element()
#15 /home/stagfdif/public_html/FollowersStudio/wp-content/plugins/elementor/includes/base/element-base.php(464): Elementor\Element_Base->print_content()
#16 /home/stagfdif/public_html/FollowersStudio/wp-content/plugins/elementor/core/base/document.php(1749): Elementor\Element_Base->print_element()
#17 /home/stagfdif/public_html/FollowersStudio/wp-content/plugins/elementor/core/base/document.php(1144): Elementor\Core\Base\Document->print_elements()
#18 /home/stagfdif/public_html/FollowersStudio/wp-content/plugins/elementor/includes/frontend.php(1179): Elementor\Core\Base\Document->print_elements_with_wrapper()
#19 /home/stagfdif/public_html/FollowersStudio/wp-content/plugins/elementor/includes/frontend.php(1074): Elementor\Frontend->get_builder_content()
#20 /home/stagfdif/public_html/FollowersStudio/wp-includes/class-wp-hook.php(324): Elementor\Frontend->apply_builder_in_content()
#21 /home/stagfdif/public_html/FollowersStudio/wp-includes/plugin.php(205): WP_Hook->apply_filters()
#22 /home/stagfdif/public_html/FollowersStudio/wp-includes/post-template.php(256): apply_filters()
#23 /home/stagfdif/public_html/FollowersStudio/wp-content/plugins/elementor/modules/page-templates/module.php(190): the_content()
#24 [internal function]: Elementor\Modules\PageTemplates\Module->print_callback()
#25 /home/stagfdif/public_html/FollowersStudio/wp-content/plugins/elementor/modules/page-templates/module.php(207): call_user_func()
#26 /home/stagfdif/public_html/FollowersStudio/wp-content/plugins/elementor/modules/page-templates/templates/header-footer.php(19): Elementor\Modules\PageTemplates\Module->print_content()
#27 /home/stagfdif/public_html/FollowersStudio/wp-includes/template-loader.php(106): include('/home/stagfdif/...')
#28 /home/stagfdif/public_html/FollowersStudio/wp-blog-header.php(19): require_once('/home/stagfdif/...')
#29 /home/stagfdif/public_html/FollowersStudio/index.php(17): require('/home/stagfdif/...')
#30 {main}
  thrown in /home/stagfdif/public_html/FollowersStudio/wp-content/themes/hello-elementor-child/functions.php on line 328

2024-01-11T12:30:09+00:00 CRITICAL syntax error, unexpected token "=>" in /home/stagfdif/public_html/FollowersStudio/wp-content/themes/hello-elementor-child/functions.php on line 73

2024-01-11T12:30:14+00:00 CRITICAL syntax error, unexpected token "=>" in /home/stagfdif/public_html/FollowersStudio/wp-content/themes/hello-elementor-child/functions.php on line 73

2024-01-11T12:30:19+00:00 CRITICAL syntax error, unexpected token "=>" in /home/stagfdif/public_html/FollowersStudio/wp-content/themes/hello-elementor-child/functions.php on line 73

2024-01-11T12:30:23+00:00 CRITICAL syntax error, unexpected token "=>" in /home/stagfdif/public_html/FollowersStudio/wp-content/themes/hello-elementor-child/functions.php on line 73

2024-01-11T12:30:24+00:00 CRITICAL syntax error, unexpected token "=>" in /home/stagfdif/public_html/FollowersStudio/wp-content/themes/hello-elementor-child/functions.php on line 73

2024-01-11T12:30:35+00:00 CRITICAL syntax error, unexpected token "=>" in /home/stagfdif/public_html/FollowersStudio/wp-content/themes/hello-elementor-child/functions.php on line 73

2024-01-11T12:30:52+00:00 CRITICAL syntax error, unexpected token "=>" in /home/stagfdif/public_html/FollowersStudio/wp-content/themes/hello-elementor-child/functions.php on line 73

2024-01-11T12:31:13+00:00 CRITICAL syntax error, unexpected token "=>" in /home/stagfdif/public_html/FollowersStudio/wp-content/themes/hello-elementor-child/functions.php on line 73

2024-01-11T12:31:43+00:00 CRITICAL syntax error, unexpected token "=>" in /home/stagfdif/public_html/FollowersStudio/wp-content/themes/hello-elementor-child/functions.php on line 72

2024-01-11T12:31:43+00:00 CRITICAL syntax error, unexpected token "=>" in /home/stagfdif/public_html/FollowersStudio/wp-content/themes/hello-elementor-child/functions.php on line 72

2024-01-11T12:31:44+00:00 CRITICAL syntax error, unexpected token "=>" in /home/stagfdif/public_html/FollowersStudio/wp-content/themes/hello-elementor-child/functions.php on line 72

2024-01-11T12:31:45+00:00 CRITICAL syntax error, unexpected token "=>" in /home/stagfdif/public_html/FollowersStudio/wp-content/themes/hello-elementor-child/functions.php on line 72

2024-01-11T12:31:49+00:00 CRITICAL syntax error, unexpected token "=>" in /home/stagfdif/public_html/FollowersStudio/wp-content/themes/hello-elementor-child/functions.php on line 72

2024-01-11T12:31:58+00:00 CRITICAL syntax error, unexpected token "=>" in /home/stagfdif/public_html/FollowersStudio/wp-content/themes/hello-elementor-child/functions.php on line 72

2024-01-11T12:31:58+00:00 CRITICAL syntax error, unexpected token "=>" in /home/stagfdif/public_html/FollowersStudio/wp-content/themes/hello-elementor-child/functions.php on line 72

2024-01-11T12:31:58+00:00 CRITICAL syntax error, unexpected token "=>" in /home/stagfdif/public_html/FollowersStudio/wp-content/themes/hello-elementor-child/functions.php on line 72

2024-01-11T12:31:59+00:00 CRITICAL syntax error, unexpected token "=>" in /home/stagfdif/public_html/FollowersStudio/wp-content/themes/hello-elementor-child/functions.php on line 72

2024-01-11T12:32:14+00:00 CRITICAL syntax error, unexpected token "=>" in /home/stagfdif/public_html/FollowersStudio/wp-content/themes/hello-elementor-child/functions.php on line 72

2024-01-11T12:32:14+00:00 CRITICAL syntax error, unexpected token "=>" in /home/stagfdif/public_html/FollowersStudio/wp-content/themes/hello-elementor-child/functions.php on line 72

2024-01-11T12:42:00+00:00 CRITICAL syntax error, unexpected token "{" in /home/stagfdif/public_html/FollowersStudio/wp-content/themes/hello-elementor-child/functions.php on line 468

2024-01-11T12:42:09+00:00 CRITICAL syntax error, unexpected token "{" in /home/stagfdif/public_html/FollowersStudio/wp-content/themes/hello-elementor-child/functions.php on line 468

2024-01-11T13:11:20+00:00 CRITICAL syntax error, unexpected token "else" in /home/stagfdif/public_html/FollowersStudio/wp-content/themes/hello-elementor-child/functions.php on line 609

2024-01-11T13:11:20+00:00 CRITICAL syntax error, unexpected token "else" in /home/stagfdif/public_html/FollowersStudio/wp-content/themes/hello-elementor-child/functions.php on line 609

2024-01-11T13:11:21+00:00 CRITICAL syntax error, unexpected token "else" in /home/stagfdif/public_html/FollowersStudio/wp-content/themes/hello-elementor-child/functions.php on line 609

2024-01-11T13:11:21+00:00 CRITICAL syntax error, unexpected token "else" in /home/stagfdif/public_html/FollowersStudio/wp-content/themes/hello-elementor-child/functions.php on line 609

2024-01-11T13:11:21+00:00 CRITICAL syntax error, unexpected token "else" in /home/stagfdif/public_html/FollowersStudio/wp-content/themes/hello-elementor-child/functions.php on line 609

2024-01-11T13:11:24+00:00 CRITICAL syntax error, unexpected token "else" in /home/stagfdif/public_html/FollowersStudio/wp-content/themes/hello-elementor-child/functions.php on line 609

2024-01-11T13:11:25+00:00 CRITICAL syntax error, unexpected token "else" in /home/stagfdif/public_html/FollowersStudio/wp-content/themes/hello-elementor-child/functions.php on line 609

2024-01-11T13:11:26+00:00 CRITICAL syntax error, unexpected token "else" in /home/stagfdif/public_html/FollowersStudio/wp-content/themes/hello-elementor-child/functions.php on line 609

2024-01-11T13:11:29+00:00 CRITICAL syntax error, unexpected token "else" in /home/stagfdif/public_html/FollowersStudio/wp-content/themes/hello-elementor-child/functions.php on line 609

2024-01-11T13:11:30+00:00 CRITICAL syntax error, unexpected token "else" in /home/stagfdif/public_html/FollowersStudio/wp-content/themes/hello-elementor-child/functions.php on line 609

2024-01-11T13:11:37+00:00 CRITICAL syntax error, unexpected token "else" in /home/stagfdif/public_html/FollowersStudio/wp-content/themes/hello-elementor-child/functions.php on line 609

2024-01-11T13:11:38+00:00 CRITICAL syntax error, unexpected token "else" in /home/stagfdif/public_html/FollowersStudio/wp-content/themes/hello-elementor-child/functions.php on line 609

2024-01-11T13:11:41+00:00 CRITICAL syntax error, unexpected token "else" in /home/stagfdif/public_html/FollowersStudio/wp-content/themes/hello-elementor-child/functions.php on line 609

2024-01-11T13:11:49+00:00 CRITICAL syntax error, unexpected token "else" in /home/stagfdif/public_html/FollowersStudio/wp-content/themes/hello-elementor-child/functions.php on line 609

