2024-01-12T05:03:02+00:00 CRITICAL syntax error, unexpected variable "$current_user", expecting ")" in /home/stagfdif/public_html/FollowersStudio/wp-content/themes/hello-elementor-child/functions.php on line 442

2024-01-12T05:03:45+00:00 CRITICAL Uncaught Error: Call to a member function exists() on null in /home/stagfdif/public_html/FollowersStudio/wp-includes/user.php:1898
Stack trace:
#0 /home/stagfdif/public_html/FollowersStudio/wp-includes/pluggable.php(2781): clean_user_cache()
#1 /home/stagfdif/public_html/FollowersStudio/wp-content/themes/hello-elementor-child/functions.php(562): wp_set_password()
#2 /home/stagfdif/public_html/FollowersStudio/wp-includes/class-wp-hook.php(324): user_update_password()
#3 /home/stagfdif/public_html/FollowersStudio/wp-includes/class-wp-hook.php(348): WP_Hook->apply_filters()
#4 /home/stagfdif/public_html/FollowersStudio/wp-includes/plugin.php(517): WP_Hook->do_action()
#5 /home/stagfdif/public_html/FollowersStudio/wp-admin/admin-ajax.php(188): do_action()
#6 {main}
  thrown in /home/stagfdif/public_html/FollowersStudio/wp-includes/user.php on line 1898

2024-01-12T06:21:57+00:00 CRITICAL syntax error, unexpected token ";" in /home/stagfdif/public_html/FollowersStudio/wp-content/themes/hello-elementor-child/functions.php on line 658

2024-01-12T06:21:59+00:00 CRITICAL syntax error, unexpected token ";" in /home/stagfdif/public_html/FollowersStudio/wp-content/themes/hello-elementor-child/functions.php on line 658

2024-01-12T06:23:56+00:00 CRITICAL syntax error, unexpected identifier "utilisateur", expecting "," or ";" in /home/stagfdif/public_html/FollowersStudio/wp-content/themes/hello-elementor-child/functions.php on line 685

2024-01-12T06:23:59+00:00 CRITICAL syntax error, unexpected identifier "utilisateur", expecting "," or ";" in /home/stagfdif/public_html/FollowersStudio/wp-content/themes/hello-elementor-child/functions.php on line 685

2024-01-12T06:25:27+00:00 CRITICAL syntax error, unexpected identifier "utilisateur", expecting "," or ";" in /home/stagfdif/public_html/FollowersStudio/wp-content/themes/hello-elementor-child/functions.php on line 685

2024-01-12T06:25:56+00:00 CRITICAL syntax error, unexpected identifier "utilisateur", expecting "," or ";" in /home/stagfdif/public_html/FollowersStudio/wp-content/themes/hello-elementor-child/functions.php on line 685

2024-01-12T06:26:00+00:00 CRITICAL syntax error, unexpected identifier "utilisateur", expecting "," or ";" in /home/stagfdif/public_html/FollowersStudio/wp-content/themes/hello-elementor-child/functions.php on line 685

2024-01-12T06:27:57+00:00 CRITICAL syntax error, unexpected identifier "utilisateur", expecting "," or ";" in /home/stagfdif/public_html/FollowersStudio/wp-content/themes/hello-elementor-child/functions.php on line 685

2024-01-12T10:22:58+00:00 CRITICAL syntax error, unexpected variable "$order" in /home/stagfdif/public_html/FollowersStudio/wp-content/themes/hello-elementor-child/functions.php on line 752

2024-01-12T10:22:58+00:00 CRITICAL syntax error, unexpected variable "$order" in /home/stagfdif/public_html/FollowersStudio/wp-content/themes/hello-elementor-child/functions.php on line 752

2024-01-12T10:23:12+00:00 CRITICAL syntax error, unexpected variable "$order" in /home/stagfdif/public_html/FollowersStudio/wp-content/themes/hello-elementor-child/functions.php on line 752

2024-01-12T11:26:25+00:00 CRITICAL syntax error, unexpected token ";", expecting ")" in /home/stagfdif/public_html/FollowersStudio/wp-content/themes/hello-elementor-child/functions.php on line 131

2024-01-12T11:26:26+00:00 CRITICAL syntax error, unexpected token ";", expecting ")" in /home/stagfdif/public_html/FollowersStudio/wp-content/themes/hello-elementor-child/functions.php on line 131

2024-01-12T11:26:28+00:00 CRITICAL syntax error, unexpected token ";", expecting ")" in /home/stagfdif/public_html/FollowersStudio/wp-content/themes/hello-elementor-child/functions.php on line 131

2024-01-12T12:20:26+00:00 CRITICAL Cannot use isset() on the result of an expression (you can use "null !== expression" instead) in /home/stagfdif/public_html/FollowersStudio/wp-content/themes/hello-elementor-child/functions.php on line 873

2024-01-12T12:20:31+00:00 CRITICAL Cannot use isset() on the result of an expression (you can use "null !== expression" instead) in /home/stagfdif/public_html/FollowersStudio/wp-content/themes/hello-elementor-child/functions.php on line 873

2024-01-12T12:20:40+00:00 CRITICAL Cannot use isset() on the result of an expression (you can use "null !== expression" instead) in /home/stagfdif/public_html/FollowersStudio/wp-content/themes/hello-elementor-child/functions.php on line 873

2024-01-12T12:21:01+00:00 CRITICAL Cannot use isset() on the result of an expression (you can use "null !== expression" instead) in /home/stagfdif/public_html/FollowersStudio/wp-content/themes/hello-elementor-child/functions.php on line 873

