2024-01-08T10:02:29+00:00 CRITICAL Uncaught Error: Call to undefined function get_session_value() in /home/stagfdif/public_html/FollowersStudio/wp-content/themes/hello-elementor-child/functions.php:238
Stack trace:
#0 /home/stagfdif/public_html/FollowersStudio/wp-includes/class-wp-hook.php(324): checkSession()
#1 /home/stagfdif/public_html/FollowersStudio/wp-includes/class-wp-hook.php(348): WP_Hook->apply_filters()
#2 /home/stagfdif/public_html/FollowersStudio/wp-includes/plugin.php(517): WP_Hook->do_action()
#3 /home/stagfdif/public_html/FollowersStudio/wp-admin/admin-ajax.php(188): do_action()
#4 {main}
  thrown in /home/stagfdif/public_html/FollowersStudio/wp-content/themes/hello-elementor-child/functions.php on line 238

2024-01-08T10:02:31+00:00 CRITICAL Uncaught Error: Call to undefined function get_session_value() in /home/stagfdif/public_html/FollowersStudio/wp-content/themes/hello-elementor-child/functions.php:238
Stack trace:
#0 /home/stagfdif/public_html/FollowersStudio/wp-includes/class-wp-hook.php(324): checkSession()
#1 /home/stagfdif/public_html/FollowersStudio/wp-includes/class-wp-hook.php(348): WP_Hook->apply_filters()
#2 /home/stagfdif/public_html/FollowersStudio/wp-includes/plugin.php(517): WP_Hook->do_action()
#3 /home/stagfdif/public_html/FollowersStudio/wp-admin/admin-ajax.php(188): do_action()
#4 {main}
  thrown in /home/stagfdif/public_html/FollowersStudio/wp-content/themes/hello-elementor-child/functions.php on line 238

2024-01-08T10:02:33+00:00 CRITICAL Uncaught Error: Call to undefined function get_session_value() in /home/stagfdif/public_html/FollowersStudio/wp-content/themes/hello-elementor-child/functions.php:238
Stack trace:
#0 /home/stagfdif/public_html/FollowersStudio/wp-includes/class-wp-hook.php(324): checkSession()
#1 /home/stagfdif/public_html/FollowersStudio/wp-includes/class-wp-hook.php(348): WP_Hook->apply_filters()
#2 /home/stagfdif/public_html/FollowersStudio/wp-includes/plugin.php(517): WP_Hook->do_action()
#3 /home/stagfdif/public_html/FollowersStudio/wp-admin/admin-ajax.php(188): do_action()
#4 {main}
  thrown in /home/stagfdif/public_html/FollowersStudio/wp-content/themes/hello-elementor-child/functions.php on line 238

2024-01-08T10:02:35+00:00 CRITICAL Uncaught Error: Call to undefined function get_session_value() in /home/stagfdif/public_html/FollowersStudio/wp-content/themes/hello-elementor-child/functions.php:238
Stack trace:
#0 /home/stagfdif/public_html/FollowersStudio/wp-includes/class-wp-hook.php(324): checkSession()
#1 /home/stagfdif/public_html/FollowersStudio/wp-includes/class-wp-hook.php(348): WP_Hook->apply_filters()
#2 /home/stagfdif/public_html/FollowersStudio/wp-includes/plugin.php(517): WP_Hook->do_action()
#3 /home/stagfdif/public_html/FollowersStudio/wp-admin/admin-ajax.php(188): do_action()
#4 {main}
  thrown in /home/stagfdif/public_html/FollowersStudio/wp-content/themes/hello-elementor-child/functions.php on line 238

2024-01-08T10:02:37+00:00 CRITICAL Uncaught Error: Call to undefined function get_session_value() in /home/stagfdif/public_html/FollowersStudio/wp-content/themes/hello-elementor-child/functions.php:238
Stack trace:
#0 /home/stagfdif/public_html/FollowersStudio/wp-includes/class-wp-hook.php(324): checkSession()
#1 /home/stagfdif/public_html/FollowersStudio/wp-includes/class-wp-hook.php(348): WP_Hook->apply_filters()
#2 /home/stagfdif/public_html/FollowersStudio/wp-includes/plugin.php(517): WP_Hook->do_action()
#3 /home/stagfdif/public_html/FollowersStudio/wp-admin/admin-ajax.php(188): do_action()
#4 {main}
  thrown in /home/stagfdif/public_html/FollowersStudio/wp-content/themes/hello-elementor-child/functions.php on line 238

2024-01-08T10:02:38+00:00 CRITICAL Uncaught Error: Call to undefined function get_session_value() in /home/stagfdif/public_html/FollowersStudio/wp-content/themes/hello-elementor-child/functions.php:238
Stack trace:
#0 /home/stagfdif/public_html/FollowersStudio/wp-includes/class-wp-hook.php(324): checkSession()
#1 /home/stagfdif/public_html/FollowersStudio/wp-includes/class-wp-hook.php(348): WP_Hook->apply_filters()
#2 /home/stagfdif/public_html/FollowersStudio/wp-includes/plugin.php(517): WP_Hook->do_action()
#3 /home/stagfdif/public_html/FollowersStudio/wp-admin/admin-ajax.php(188): do_action()
#4 {main}
  thrown in /home/stagfdif/public_html/FollowersStudio/wp-content/themes/hello-elementor-child/functions.php on line 238

2024-01-08T10:02:38+00:00 CRITICAL Uncaught Error: Call to undefined function get_session_value() in /home/stagfdif/public_html/FollowersStudio/wp-content/themes/hello-elementor-child/functions.php:238
Stack trace:
#0 /home/stagfdif/public_html/FollowersStudio/wp-includes/class-wp-hook.php(324): checkSession()
#1 /home/stagfdif/public_html/FollowersStudio/wp-includes/class-wp-hook.php(348): WP_Hook->apply_filters()
#2 /home/stagfdif/public_html/FollowersStudio/wp-includes/plugin.php(517): WP_Hook->do_action()
#3 /home/stagfdif/public_html/FollowersStudio/wp-admin/admin-ajax.php(188): do_action()
#4 {main}
  thrown in /home/stagfdif/public_html/FollowersStudio/wp-content/themes/hello-elementor-child/functions.php on line 238

2024-01-08T10:02:40+00:00 CRITICAL Uncaught Error: Call to undefined function get_session_value() in /home/stagfdif/public_html/FollowersStudio/wp-content/themes/hello-elementor-child/functions.php:238
Stack trace:
#0 /home/stagfdif/public_html/FollowersStudio/wp-includes/class-wp-hook.php(324): checkSession()
#1 /home/stagfdif/public_html/FollowersStudio/wp-includes/class-wp-hook.php(348): WP_Hook->apply_filters()
#2 /home/stagfdif/public_html/FollowersStudio/wp-includes/plugin.php(517): WP_Hook->do_action()
#3 /home/stagfdif/public_html/FollowersStudio/wp-admin/admin-ajax.php(188): do_action()
#4 {main}
  thrown in /home/stagfdif/public_html/FollowersStudio/wp-content/themes/hello-elementor-child/functions.php on line 238

2024-01-08T10:02:41+00:00 CRITICAL Uncaught Error: Call to undefined function get_session_value() in /home/stagfdif/public_html/FollowersStudio/wp-content/themes/hello-elementor-child/functions.php:238
Stack trace:
#0 /home/stagfdif/public_html/FollowersStudio/wp-includes/class-wp-hook.php(324): checkSession()
#1 /home/stagfdif/public_html/FollowersStudio/wp-includes/class-wp-hook.php(348): WP_Hook->apply_filters()
#2 /home/stagfdif/public_html/FollowersStudio/wp-includes/plugin.php(517): WP_Hook->do_action()
#3 /home/stagfdif/public_html/FollowersStudio/wp-admin/admin-ajax.php(188): do_action()
#4 {main}
  thrown in /home/stagfdif/public_html/FollowersStudio/wp-content/themes/hello-elementor-child/functions.php on line 238

2024-01-08T10:02:42+00:00 CRITICAL Uncaught Error: Call to undefined function get_session_value() in /home/stagfdif/public_html/FollowersStudio/wp-content/themes/hello-elementor-child/functions.php:238
Stack trace:
#0 /home/stagfdif/public_html/FollowersStudio/wp-includes/class-wp-hook.php(324): checkSession()
#1 /home/stagfdif/public_html/FollowersStudio/wp-includes/class-wp-hook.php(348): WP_Hook->apply_filters()
#2 /home/stagfdif/public_html/FollowersStudio/wp-includes/plugin.php(517): WP_Hook->do_action()
#3 /home/stagfdif/public_html/FollowersStudio/wp-admin/admin-ajax.php(188): do_action()
#4 {main}
  thrown in /home/stagfdif/public_html/FollowersStudio/wp-content/themes/hello-elementor-child/functions.php on line 238

2024-01-08T10:02:43+00:00 CRITICAL Uncaught Error: Call to undefined function get_session_value() in /home/stagfdif/public_html/FollowersStudio/wp-content/themes/hello-elementor-child/functions.php:238
Stack trace:
#0 /home/stagfdif/public_html/FollowersStudio/wp-includes/class-wp-hook.php(324): checkSession()
#1 /home/stagfdif/public_html/FollowersStudio/wp-includes/class-wp-hook.php(348): WP_Hook->apply_filters()
#2 /home/stagfdif/public_html/FollowersStudio/wp-includes/plugin.php(517): WP_Hook->do_action()
#3 /home/stagfdif/public_html/FollowersStudio/wp-admin/admin-ajax.php(188): do_action()
#4 {main}
  thrown in /home/stagfdif/public_html/FollowersStudio/wp-content/themes/hello-elementor-child/functions.php on line 238

2024-01-08T10:02:44+00:00 CRITICAL Uncaught Error: Call to undefined function get_session_value() in /home/stagfdif/public_html/FollowersStudio/wp-content/themes/hello-elementor-child/functions.php:238
Stack trace:
#0 /home/stagfdif/public_html/FollowersStudio/wp-includes/class-wp-hook.php(324): checkSession()
#1 /home/stagfdif/public_html/FollowersStudio/wp-includes/class-wp-hook.php(348): WP_Hook->apply_filters()
#2 /home/stagfdif/public_html/FollowersStudio/wp-includes/plugin.php(517): WP_Hook->do_action()
#3 /home/stagfdif/public_html/FollowersStudio/wp-admin/admin-ajax.php(188): do_action()
#4 {main}
  thrown in /home/stagfdif/public_html/FollowersStudio/wp-content/themes/hello-elementor-child/functions.php on line 238

2024-01-08T10:02:45+00:00 CRITICAL Uncaught Error: Call to undefined function get_session_value() in /home/stagfdif/public_html/FollowersStudio/wp-content/themes/hello-elementor-child/functions.php:238
Stack trace:
#0 /home/stagfdif/public_html/FollowersStudio/wp-includes/class-wp-hook.php(324): checkSession()
#1 /home/stagfdif/public_html/FollowersStudio/wp-includes/class-wp-hook.php(348): WP_Hook->apply_filters()
#2 /home/stagfdif/public_html/FollowersStudio/wp-includes/plugin.php(517): WP_Hook->do_action()
#3 /home/stagfdif/public_html/FollowersStudio/wp-admin/admin-ajax.php(188): do_action()
#4 {main}
  thrown in /home/stagfdif/public_html/FollowersStudio/wp-content/themes/hello-elementor-child/functions.php on line 238

2024-01-08T10:02:46+00:00 CRITICAL Uncaught Error: Call to undefined function get_session_value() in /home/stagfdif/public_html/FollowersStudio/wp-content/themes/hello-elementor-child/functions.php:238
Stack trace:
#0 /home/stagfdif/public_html/FollowersStudio/wp-includes/class-wp-hook.php(324): checkSession()
#1 /home/stagfdif/public_html/FollowersStudio/wp-includes/class-wp-hook.php(348): WP_Hook->apply_filters()
#2 /home/stagfdif/public_html/FollowersStudio/wp-includes/plugin.php(517): WP_Hook->do_action()
#3 /home/stagfdif/public_html/FollowersStudio/wp-admin/admin-ajax.php(188): do_action()
#4 {main}
  thrown in /home/stagfdif/public_html/FollowersStudio/wp-content/themes/hello-elementor-child/functions.php on line 238

2024-01-08T10:02:47+00:00 CRITICAL Uncaught Error: Call to undefined function get_session_value() in /home/stagfdif/public_html/FollowersStudio/wp-content/themes/hello-elementor-child/functions.php:238
Stack trace:
#0 /home/stagfdif/public_html/FollowersStudio/wp-includes/class-wp-hook.php(324): checkSession()
#1 /home/stagfdif/public_html/FollowersStudio/wp-includes/class-wp-hook.php(348): WP_Hook->apply_filters()
#2 /home/stagfdif/public_html/FollowersStudio/wp-includes/plugin.php(517): WP_Hook->do_action()
#3 /home/stagfdif/public_html/FollowersStudio/wp-admin/admin-ajax.php(188): do_action()
#4 {main}
  thrown in /home/stagfdif/public_html/FollowersStudio/wp-content/themes/hello-elementor-child/functions.php on line 238

2024-01-08T10:02:48+00:00 CRITICAL Uncaught Error: Call to undefined function get_session_value() in /home/stagfdif/public_html/FollowersStudio/wp-content/themes/hello-elementor-child/functions.php:238
Stack trace:
#0 /home/stagfdif/public_html/FollowersStudio/wp-includes/class-wp-hook.php(324): checkSession()
#1 /home/stagfdif/public_html/FollowersStudio/wp-includes/class-wp-hook.php(348): WP_Hook->apply_filters()
#2 /home/stagfdif/public_html/FollowersStudio/wp-includes/plugin.php(517): WP_Hook->do_action()
#3 /home/stagfdif/public_html/FollowersStudio/wp-admin/admin-ajax.php(188): do_action()
#4 {main}
  thrown in /home/stagfdif/public_html/FollowersStudio/wp-content/themes/hello-elementor-child/functions.php on line 238

2024-01-08T10:02:50+00:00 CRITICAL Uncaught Error: Call to undefined function get_session_value() in /home/stagfdif/public_html/FollowersStudio/wp-content/themes/hello-elementor-child/functions.php:238
Stack trace:
#0 /home/stagfdif/public_html/FollowersStudio/wp-includes/class-wp-hook.php(324): checkSession()
#1 /home/stagfdif/public_html/FollowersStudio/wp-includes/class-wp-hook.php(348): WP_Hook->apply_filters()
#2 /home/stagfdif/public_html/FollowersStudio/wp-includes/plugin.php(517): WP_Hook->do_action()
#3 /home/stagfdif/public_html/FollowersStudio/wp-admin/admin-ajax.php(188): do_action()
#4 {main}
  thrown in /home/stagfdif/public_html/FollowersStudio/wp-content/themes/hello-elementor-child/functions.php on line 238

2024-01-08T10:02:50+00:00 CRITICAL Uncaught Error: Call to undefined function get_session_value() in /home/stagfdif/public_html/FollowersStudio/wp-content/themes/hello-elementor-child/functions.php:238
Stack trace:
#0 /home/stagfdif/public_html/FollowersStudio/wp-includes/class-wp-hook.php(324): checkSession()
#1 /home/stagfdif/public_html/FollowersStudio/wp-includes/class-wp-hook.php(348): WP_Hook->apply_filters()
#2 /home/stagfdif/public_html/FollowersStudio/wp-includes/plugin.php(517): WP_Hook->do_action()
#3 /home/stagfdif/public_html/FollowersStudio/wp-admin/admin-ajax.php(188): do_action()
#4 {main}
  thrown in /home/stagfdif/public_html/FollowersStudio/wp-content/themes/hello-elementor-child/functions.php on line 238

2024-01-08T10:02:51+00:00 CRITICAL Uncaught Error: Call to undefined function get_session_value() in /home/stagfdif/public_html/FollowersStudio/wp-content/themes/hello-elementor-child/functions.php:238
Stack trace:
#0 /home/stagfdif/public_html/FollowersStudio/wp-includes/class-wp-hook.php(324): checkSession()
#1 /home/stagfdif/public_html/FollowersStudio/wp-includes/class-wp-hook.php(348): WP_Hook->apply_filters()
#2 /home/stagfdif/public_html/FollowersStudio/wp-includes/plugin.php(517): WP_Hook->do_action()
#3 /home/stagfdif/public_html/FollowersStudio/wp-admin/admin-ajax.php(188): do_action()
#4 {main}
  thrown in /home/stagfdif/public_html/FollowersStudio/wp-content/themes/hello-elementor-child/functions.php on line 238

2024-01-08T10:02:52+00:00 CRITICAL Uncaught Error: Call to undefined function get_session_value() in /home/stagfdif/public_html/FollowersStudio/wp-content/themes/hello-elementor-child/functions.php:238
Stack trace:
#0 /home/stagfdif/public_html/FollowersStudio/wp-includes/class-wp-hook.php(324): checkSession()
#1 /home/stagfdif/public_html/FollowersStudio/wp-includes/class-wp-hook.php(348): WP_Hook->apply_filters()
#2 /home/stagfdif/public_html/FollowersStudio/wp-includes/plugin.php(517): WP_Hook->do_action()
#3 /home/stagfdif/public_html/FollowersStudio/wp-admin/admin-ajax.php(188): do_action()
#4 {main}
  thrown in /home/stagfdif/public_html/FollowersStudio/wp-content/themes/hello-elementor-child/functions.php on line 238

2024-01-08T10:02:54+00:00 CRITICAL Uncaught Error: Call to undefined function get_session_value() in /home/stagfdif/public_html/FollowersStudio/wp-content/themes/hello-elementor-child/functions.php:238
Stack trace:
#0 /home/stagfdif/public_html/FollowersStudio/wp-includes/class-wp-hook.php(324): checkSession()
#1 /home/stagfdif/public_html/FollowersStudio/wp-includes/class-wp-hook.php(348): WP_Hook->apply_filters()
#2 /home/stagfdif/public_html/FollowersStudio/wp-includes/plugin.php(517): WP_Hook->do_action()
#3 /home/stagfdif/public_html/FollowersStudio/wp-admin/admin-ajax.php(188): do_action()
#4 {main}
  thrown in /home/stagfdif/public_html/FollowersStudio/wp-content/themes/hello-elementor-child/functions.php on line 238

2024-01-08T10:02:54+00:00 CRITICAL Uncaught Error: Call to undefined function get_session_value() in /home/stagfdif/public_html/FollowersStudio/wp-content/themes/hello-elementor-child/functions.php:238
Stack trace:
#0 /home/stagfdif/public_html/FollowersStudio/wp-includes/class-wp-hook.php(324): checkSession()
#1 /home/stagfdif/public_html/FollowersStudio/wp-includes/class-wp-hook.php(348): WP_Hook->apply_filters()
#2 /home/stagfdif/public_html/FollowersStudio/wp-includes/plugin.php(517): WP_Hook->do_action()
#3 /home/stagfdif/public_html/FollowersStudio/wp-admin/admin-ajax.php(188): do_action()
#4 {main}
  thrown in /home/stagfdif/public_html/FollowersStudio/wp-content/themes/hello-elementor-child/functions.php on line 238

2024-01-08T10:02:56+00:00 CRITICAL Uncaught Error: Call to undefined function get_session_value() in /home/stagfdif/public_html/FollowersStudio/wp-content/themes/hello-elementor-child/functions.php:238
Stack trace:
#0 /home/stagfdif/public_html/FollowersStudio/wp-includes/class-wp-hook.php(324): checkSession()
#1 /home/stagfdif/public_html/FollowersStudio/wp-includes/class-wp-hook.php(348): WP_Hook->apply_filters()
#2 /home/stagfdif/public_html/FollowersStudio/wp-includes/plugin.php(517): WP_Hook->do_action()
#3 /home/stagfdif/public_html/FollowersStudio/wp-admin/admin-ajax.php(188): do_action()
#4 {main}
  thrown in /home/stagfdif/public_html/FollowersStudio/wp-content/themes/hello-elementor-child/functions.php on line 238

2024-01-08T10:02:57+00:00 CRITICAL Uncaught Error: Call to undefined function get_session_value() in /home/stagfdif/public_html/FollowersStudio/wp-content/themes/hello-elementor-child/functions.php:238
Stack trace:
#0 /home/stagfdif/public_html/FollowersStudio/wp-includes/class-wp-hook.php(324): checkSession()
#1 /home/stagfdif/public_html/FollowersStudio/wp-includes/class-wp-hook.php(348): WP_Hook->apply_filters()
#2 /home/stagfdif/public_html/FollowersStudio/wp-includes/plugin.php(517): WP_Hook->do_action()
#3 /home/stagfdif/public_html/FollowersStudio/wp-admin/admin-ajax.php(188): do_action()
#4 {main}
  thrown in /home/stagfdif/public_html/FollowersStudio/wp-content/themes/hello-elementor-child/functions.php on line 238

2024-01-08T10:02:58+00:00 CRITICAL Uncaught Error: Call to undefined function get_session_value() in /home/stagfdif/public_html/FollowersStudio/wp-content/themes/hello-elementor-child/functions.php:238
Stack trace:
#0 /home/stagfdif/public_html/FollowersStudio/wp-includes/class-wp-hook.php(324): checkSession()
#1 /home/stagfdif/public_html/FollowersStudio/wp-includes/class-wp-hook.php(348): WP_Hook->apply_filters()
#2 /home/stagfdif/public_html/FollowersStudio/wp-includes/plugin.php(517): WP_Hook->do_action()
#3 /home/stagfdif/public_html/FollowersStudio/wp-admin/admin-ajax.php(188): do_action()
#4 {main}
  thrown in /home/stagfdif/public_html/FollowersStudio/wp-content/themes/hello-elementor-child/functions.php on line 238

2024-01-08T10:02:59+00:00 CRITICAL Uncaught Error: Call to undefined function get_session_value() in /home/stagfdif/public_html/FollowersStudio/wp-content/themes/hello-elementor-child/functions.php:238
Stack trace:
#0 /home/stagfdif/public_html/FollowersStudio/wp-includes/class-wp-hook.php(324): checkSession()
#1 /home/stagfdif/public_html/FollowersStudio/wp-includes/class-wp-hook.php(348): WP_Hook->apply_filters()
#2 /home/stagfdif/public_html/FollowersStudio/wp-includes/plugin.php(517): WP_Hook->do_action()
#3 /home/stagfdif/public_html/FollowersStudio/wp-admin/admin-ajax.php(188): do_action()
#4 {main}
  thrown in /home/stagfdif/public_html/FollowersStudio/wp-content/themes/hello-elementor-child/functions.php on line 238

2024-01-08T10:03:00+00:00 CRITICAL Uncaught Error: Call to undefined function get_session_value() in /home/stagfdif/public_html/FollowersStudio/wp-content/themes/hello-elementor-child/functions.php:238
Stack trace:
#0 /home/stagfdif/public_html/FollowersStudio/wp-includes/class-wp-hook.php(324): checkSession()
#1 /home/stagfdif/public_html/FollowersStudio/wp-includes/class-wp-hook.php(348): WP_Hook->apply_filters()
#2 /home/stagfdif/public_html/FollowersStudio/wp-includes/plugin.php(517): WP_Hook->do_action()
#3 /home/stagfdif/public_html/FollowersStudio/wp-admin/admin-ajax.php(188): do_action()
#4 {main}
  thrown in /home/stagfdif/public_html/FollowersStudio/wp-content/themes/hello-elementor-child/functions.php on line 238

2024-01-08T10:03:00+00:00 CRITICAL Uncaught Error: Call to undefined function get_session_value() in /home/stagfdif/public_html/FollowersStudio/wp-content/themes/hello-elementor-child/functions.php:238
Stack trace:
#0 /home/stagfdif/public_html/FollowersStudio/wp-includes/class-wp-hook.php(324): checkSession()
#1 /home/stagfdif/public_html/FollowersStudio/wp-includes/class-wp-hook.php(348): WP_Hook->apply_filters()
#2 /home/stagfdif/public_html/FollowersStudio/wp-includes/plugin.php(517): WP_Hook->do_action()
#3 /home/stagfdif/public_html/FollowersStudio/wp-admin/admin-ajax.php(188): do_action()
#4 {main}
  thrown in /home/stagfdif/public_html/FollowersStudio/wp-content/themes/hello-elementor-child/functions.php on line 238

2024-01-08T10:03:01+00:00 CRITICAL Uncaught Error: Call to undefined function get_session_value() in /home/stagfdif/public_html/FollowersStudio/wp-content/themes/hello-elementor-child/functions.php:238
Stack trace:
#0 /home/stagfdif/public_html/FollowersStudio/wp-includes/class-wp-hook.php(324): checkSession()
#1 /home/stagfdif/public_html/FollowersStudio/wp-includes/class-wp-hook.php(348): WP_Hook->apply_filters()
#2 /home/stagfdif/public_html/FollowersStudio/wp-includes/plugin.php(517): WP_Hook->do_action()
#3 /home/stagfdif/public_html/FollowersStudio/wp-admin/admin-ajax.php(188): do_action()
#4 {main}
  thrown in /home/stagfdif/public_html/FollowersStudio/wp-content/themes/hello-elementor-child/functions.php on line 238

2024-01-08T10:03:03+00:00 CRITICAL Uncaught Error: Call to undefined function get_session_value() in /home/stagfdif/public_html/FollowersStudio/wp-content/themes/hello-elementor-child/functions.php:238
Stack trace:
#0 /home/stagfdif/public_html/FollowersStudio/wp-includes/class-wp-hook.php(324): checkSession()
#1 /home/stagfdif/public_html/FollowersStudio/wp-includes/class-wp-hook.php(348): WP_Hook->apply_filters()
#2 /home/stagfdif/public_html/FollowersStudio/wp-includes/plugin.php(517): WP_Hook->do_action()
#3 /home/stagfdif/public_html/FollowersStudio/wp-admin/admin-ajax.php(188): do_action()
#4 {main}
  thrown in /home/stagfdif/public_html/FollowersStudio/wp-content/themes/hello-elementor-child/functions.php on line 238

2024-01-08T10:03:03+00:00 CRITICAL Uncaught Error: Call to undefined function get_session_value() in /home/stagfdif/public_html/FollowersStudio/wp-content/themes/hello-elementor-child/functions.php:238
Stack trace:
#0 /home/stagfdif/public_html/FollowersStudio/wp-includes/class-wp-hook.php(324): checkSession()
#1 /home/stagfdif/public_html/FollowersStudio/wp-includes/class-wp-hook.php(348): WP_Hook->apply_filters()
#2 /home/stagfdif/public_html/FollowersStudio/wp-includes/plugin.php(517): WP_Hook->do_action()
#3 /home/stagfdif/public_html/FollowersStudio/wp-admin/admin-ajax.php(188): do_action()
#4 {main}
  thrown in /home/stagfdif/public_html/FollowersStudio/wp-content/themes/hello-elementor-child/functions.php on line 238

2024-01-08T10:03:04+00:00 CRITICAL Uncaught Error: Call to undefined function get_session_value() in /home/stagfdif/public_html/FollowersStudio/wp-content/themes/hello-elementor-child/functions.php:238
Stack trace:
#0 /home/stagfdif/public_html/FollowersStudio/wp-includes/class-wp-hook.php(324): checkSession()
#1 /home/stagfdif/public_html/FollowersStudio/wp-includes/class-wp-hook.php(348): WP_Hook->apply_filters()
#2 /home/stagfdif/public_html/FollowersStudio/wp-includes/plugin.php(517): WP_Hook->do_action()
#3 /home/stagfdif/public_html/FollowersStudio/wp-admin/admin-ajax.php(188): do_action()
#4 {main}
  thrown in /home/stagfdif/public_html/FollowersStudio/wp-content/themes/hello-elementor-child/functions.php on line 238

2024-01-08T10:03:05+00:00 CRITICAL Uncaught Error: Call to undefined function get_session_value() in /home/stagfdif/public_html/FollowersStudio/wp-content/themes/hello-elementor-child/functions.php:238
Stack trace:
#0 /home/stagfdif/public_html/FollowersStudio/wp-includes/class-wp-hook.php(324): checkSession()
#1 /home/stagfdif/public_html/FollowersStudio/wp-includes/class-wp-hook.php(348): WP_Hook->apply_filters()
#2 /home/stagfdif/public_html/FollowersStudio/wp-includes/plugin.php(517): WP_Hook->do_action()
#3 /home/stagfdif/public_html/FollowersStudio/wp-admin/admin-ajax.php(188): do_action()
#4 {main}
  thrown in /home/stagfdif/public_html/FollowersStudio/wp-content/themes/hello-elementor-child/functions.php on line 238

2024-01-08T10:03:06+00:00 CRITICAL Uncaught Error: Call to undefined function get_session_value() in /home/stagfdif/public_html/FollowersStudio/wp-content/themes/hello-elementor-child/functions.php:238
Stack trace:
#0 /home/stagfdif/public_html/FollowersStudio/wp-includes/class-wp-hook.php(324): checkSession()
#1 /home/stagfdif/public_html/FollowersStudio/wp-includes/class-wp-hook.php(348): WP_Hook->apply_filters()
#2 /home/stagfdif/public_html/FollowersStudio/wp-includes/plugin.php(517): WP_Hook->do_action()
#3 /home/stagfdif/public_html/FollowersStudio/wp-admin/admin-ajax.php(188): do_action()
#4 {main}
  thrown in /home/stagfdif/public_html/FollowersStudio/wp-content/themes/hello-elementor-child/functions.php on line 238

2024-01-08T10:03:07+00:00 CRITICAL Uncaught Error: Call to undefined function get_session_value() in /home/stagfdif/public_html/FollowersStudio/wp-content/themes/hello-elementor-child/functions.php:238
Stack trace:
#0 /home/stagfdif/public_html/FollowersStudio/wp-includes/class-wp-hook.php(324): checkSession()
#1 /home/stagfdif/public_html/FollowersStudio/wp-includes/class-wp-hook.php(348): WP_Hook->apply_filters()
#2 /home/stagfdif/public_html/FollowersStudio/wp-includes/plugin.php(517): WP_Hook->do_action()
#3 /home/stagfdif/public_html/FollowersStudio/wp-admin/admin-ajax.php(188): do_action()
#4 {main}
  thrown in /home/stagfdif/public_html/FollowersStudio/wp-content/themes/hello-elementor-child/functions.php on line 238

2024-01-08T10:03:08+00:00 CRITICAL Uncaught Error: Call to undefined function get_session_value() in /home/stagfdif/public_html/FollowersStudio/wp-content/themes/hello-elementor-child/functions.php:238
Stack trace:
#0 /home/stagfdif/public_html/FollowersStudio/wp-includes/class-wp-hook.php(324): checkSession()
#1 /home/stagfdif/public_html/FollowersStudio/wp-includes/class-wp-hook.php(348): WP_Hook->apply_filters()
#2 /home/stagfdif/public_html/FollowersStudio/wp-includes/plugin.php(517): WP_Hook->do_action()
#3 /home/stagfdif/public_html/FollowersStudio/wp-admin/admin-ajax.php(188): do_action()
#4 {main}
  thrown in /home/stagfdif/public_html/FollowersStudio/wp-content/themes/hello-elementor-child/functions.php on line 238

2024-01-08T10:03:09+00:00 CRITICAL Uncaught Error: Call to undefined function get_session_value() in /home/stagfdif/public_html/FollowersStudio/wp-content/themes/hello-elementor-child/functions.php:238
Stack trace:
#0 /home/stagfdif/public_html/FollowersStudio/wp-includes/class-wp-hook.php(324): checkSession()
#1 /home/stagfdif/public_html/FollowersStudio/wp-includes/class-wp-hook.php(348): WP_Hook->apply_filters()
#2 /home/stagfdif/public_html/FollowersStudio/wp-includes/plugin.php(517): WP_Hook->do_action()
#3 /home/stagfdif/public_html/FollowersStudio/wp-admin/admin-ajax.php(188): do_action()
#4 {main}
  thrown in /home/stagfdif/public_html/FollowersStudio/wp-content/themes/hello-elementor-child/functions.php on line 238

2024-01-08T10:03:10+00:00 CRITICAL Uncaught Error: Call to undefined function get_session_value() in /home/stagfdif/public_html/FollowersStudio/wp-content/themes/hello-elementor-child/functions.php:238
Stack trace:
#0 /home/stagfdif/public_html/FollowersStudio/wp-includes/class-wp-hook.php(324): checkSession()
#1 /home/stagfdif/public_html/FollowersStudio/wp-includes/class-wp-hook.php(348): WP_Hook->apply_filters()
#2 /home/stagfdif/public_html/FollowersStudio/wp-includes/plugin.php(517): WP_Hook->do_action()
#3 /home/stagfdif/public_html/FollowersStudio/wp-admin/admin-ajax.php(188): do_action()
#4 {main}
  thrown in /home/stagfdif/public_html/FollowersStudio/wp-content/themes/hello-elementor-child/functions.php on line 238

2024-01-08T10:03:10+00:00 CRITICAL Uncaught Error: Call to undefined function get_session_value() in /home/stagfdif/public_html/FollowersStudio/wp-content/themes/hello-elementor-child/functions.php:238
Stack trace:
#0 /home/stagfdif/public_html/FollowersStudio/wp-includes/class-wp-hook.php(324): checkSession()
#1 /home/stagfdif/public_html/FollowersStudio/wp-includes/class-wp-hook.php(348): WP_Hook->apply_filters()
#2 /home/stagfdif/public_html/FollowersStudio/wp-includes/plugin.php(517): WP_Hook->do_action()
#3 /home/stagfdif/public_html/FollowersStudio/wp-admin/admin-ajax.php(188): do_action()
#4 {main}
  thrown in /home/stagfdif/public_html/FollowersStudio/wp-content/themes/hello-elementor-child/functions.php on line 238

2024-01-08T10:03:12+00:00 CRITICAL Uncaught Error: Call to undefined function get_session_value() in /home/stagfdif/public_html/FollowersStudio/wp-content/themes/hello-elementor-child/functions.php:238
Stack trace:
#0 /home/stagfdif/public_html/FollowersStudio/wp-includes/class-wp-hook.php(324): checkSession()
#1 /home/stagfdif/public_html/FollowersStudio/wp-includes/class-wp-hook.php(348): WP_Hook->apply_filters()
#2 /home/stagfdif/public_html/FollowersStudio/wp-includes/plugin.php(517): WP_Hook->do_action()
#3 /home/stagfdif/public_html/FollowersStudio/wp-admin/admin-ajax.php(188): do_action()
#4 {main}
  thrown in /home/stagfdif/public_html/FollowersStudio/wp-content/themes/hello-elementor-child/functions.php on line 238

2024-01-08T10:03:13+00:00 CRITICAL Uncaught Error: Call to undefined function get_session_value() in /home/stagfdif/public_html/FollowersStudio/wp-content/themes/hello-elementor-child/functions.php:238
Stack trace:
#0 /home/stagfdif/public_html/FollowersStudio/wp-includes/class-wp-hook.php(324): checkSession()
#1 /home/stagfdif/public_html/FollowersStudio/wp-includes/class-wp-hook.php(348): WP_Hook->apply_filters()
#2 /home/stagfdif/public_html/FollowersStudio/wp-includes/plugin.php(517): WP_Hook->do_action()
#3 /home/stagfdif/public_html/FollowersStudio/wp-admin/admin-ajax.php(188): do_action()
#4 {main}
  thrown in /home/stagfdif/public_html/FollowersStudio/wp-content/themes/hello-elementor-child/functions.php on line 238

2024-01-08T10:03:15+00:00 CRITICAL Uncaught Error: Call to undefined function get_session_value() in /home/stagfdif/public_html/FollowersStudio/wp-content/themes/hello-elementor-child/functions.php:238
Stack trace:
#0 /home/stagfdif/public_html/FollowersStudio/wp-includes/class-wp-hook.php(324): checkSession()
#1 /home/stagfdif/public_html/FollowersStudio/wp-includes/class-wp-hook.php(348): WP_Hook->apply_filters()
#2 /home/stagfdif/public_html/FollowersStudio/wp-includes/plugin.php(517): WP_Hook->do_action()
#3 /home/stagfdif/public_html/FollowersStudio/wp-admin/admin-ajax.php(188): do_action()
#4 {main}
  thrown in /home/stagfdif/public_html/FollowersStudio/wp-content/themes/hello-elementor-child/functions.php on line 238

2024-01-08T10:03:15+00:00 CRITICAL Uncaught Error: Call to undefined function get_session_value() in /home/stagfdif/public_html/FollowersStudio/wp-content/themes/hello-elementor-child/functions.php:238
Stack trace:
#0 /home/stagfdif/public_html/FollowersStudio/wp-includes/class-wp-hook.php(324): checkSession()
#1 /home/stagfdif/public_html/FollowersStudio/wp-includes/class-wp-hook.php(348): WP_Hook->apply_filters()
#2 /home/stagfdif/public_html/FollowersStudio/wp-includes/plugin.php(517): WP_Hook->do_action()
#3 /home/stagfdif/public_html/FollowersStudio/wp-admin/admin-ajax.php(188): do_action()
#4 {main}
  thrown in /home/stagfdif/public_html/FollowersStudio/wp-content/themes/hello-elementor-child/functions.php on line 238

2024-01-08T10:03:16+00:00 CRITICAL Uncaught Error: Call to undefined function get_session_value() in /home/stagfdif/public_html/FollowersStudio/wp-content/themes/hello-elementor-child/functions.php:238
Stack trace:
#0 /home/stagfdif/public_html/FollowersStudio/wp-includes/class-wp-hook.php(324): checkSession()
#1 /home/stagfdif/public_html/FollowersStudio/wp-includes/class-wp-hook.php(348): WP_Hook->apply_filters()
#2 /home/stagfdif/public_html/FollowersStudio/wp-includes/plugin.php(517): WP_Hook->do_action()
#3 /home/stagfdif/public_html/FollowersStudio/wp-admin/admin-ajax.php(188): do_action()
#4 {main}
  thrown in /home/stagfdif/public_html/FollowersStudio/wp-content/themes/hello-elementor-child/functions.php on line 238

2024-01-08T10:03:17+00:00 CRITICAL Uncaught Error: Call to undefined function get_session_value() in /home/stagfdif/public_html/FollowersStudio/wp-content/themes/hello-elementor-child/functions.php:238
Stack trace:
#0 /home/stagfdif/public_html/FollowersStudio/wp-includes/class-wp-hook.php(324): checkSession()
#1 /home/stagfdif/public_html/FollowersStudio/wp-includes/class-wp-hook.php(348): WP_Hook->apply_filters()
#2 /home/stagfdif/public_html/FollowersStudio/wp-includes/plugin.php(517): WP_Hook->do_action()
#3 /home/stagfdif/public_html/FollowersStudio/wp-admin/admin-ajax.php(188): do_action()
#4 {main}
  thrown in /home/stagfdif/public_html/FollowersStudio/wp-content/themes/hello-elementor-child/functions.php on line 238

2024-01-08T10:03:18+00:00 CRITICAL Uncaught Error: Call to undefined function get_session_value() in /home/stagfdif/public_html/FollowersStudio/wp-content/themes/hello-elementor-child/functions.php:238
Stack trace:
#0 /home/stagfdif/public_html/FollowersStudio/wp-includes/class-wp-hook.php(324): checkSession()
#1 /home/stagfdif/public_html/FollowersStudio/wp-includes/class-wp-hook.php(348): WP_Hook->apply_filters()
#2 /home/stagfdif/public_html/FollowersStudio/wp-includes/plugin.php(517): WP_Hook->do_action()
#3 /home/stagfdif/public_html/FollowersStudio/wp-admin/admin-ajax.php(188): do_action()
#4 {main}
  thrown in /home/stagfdif/public_html/FollowersStudio/wp-content/themes/hello-elementor-child/functions.php on line 238

2024-01-08T10:03:19+00:00 CRITICAL Uncaught Error: Call to undefined function get_session_value() in /home/stagfdif/public_html/FollowersStudio/wp-content/themes/hello-elementor-child/functions.php:238
Stack trace:
#0 /home/stagfdif/public_html/FollowersStudio/wp-includes/class-wp-hook.php(324): checkSession()
#1 /home/stagfdif/public_html/FollowersStudio/wp-includes/class-wp-hook.php(348): WP_Hook->apply_filters()
#2 /home/stagfdif/public_html/FollowersStudio/wp-includes/plugin.php(517): WP_Hook->do_action()
#3 /home/stagfdif/public_html/FollowersStudio/wp-admin/admin-ajax.php(188): do_action()
#4 {main}
  thrown in /home/stagfdif/public_html/FollowersStudio/wp-content/themes/hello-elementor-child/functions.php on line 238

2024-01-08T10:03:20+00:00 CRITICAL Uncaught Error: Call to undefined function get_session_value() in /home/stagfdif/public_html/FollowersStudio/wp-content/themes/hello-elementor-child/functions.php:238
Stack trace:
#0 /home/stagfdif/public_html/FollowersStudio/wp-includes/class-wp-hook.php(324): checkSession()
#1 /home/stagfdif/public_html/FollowersStudio/wp-includes/class-wp-hook.php(348): WP_Hook->apply_filters()
#2 /home/stagfdif/public_html/FollowersStudio/wp-includes/plugin.php(517): WP_Hook->do_action()
#3 /home/stagfdif/public_html/FollowersStudio/wp-admin/admin-ajax.php(188): do_action()
#4 {main}
  thrown in /home/stagfdif/public_html/FollowersStudio/wp-content/themes/hello-elementor-child/functions.php on line 238

2024-01-08T10:03:20+00:00 CRITICAL Uncaught Error: Call to undefined function get_session_value() in /home/stagfdif/public_html/FollowersStudio/wp-content/themes/hello-elementor-child/functions.php:238
Stack trace:
#0 /home/stagfdif/public_html/FollowersStudio/wp-includes/class-wp-hook.php(324): checkSession()
#1 /home/stagfdif/public_html/FollowersStudio/wp-includes/class-wp-hook.php(348): WP_Hook->apply_filters()
#2 /home/stagfdif/public_html/FollowersStudio/wp-includes/plugin.php(517): WP_Hook->do_action()
#3 /home/stagfdif/public_html/FollowersStudio/wp-admin/admin-ajax.php(188): do_action()
#4 {main}
  thrown in /home/stagfdif/public_html/FollowersStudio/wp-content/themes/hello-elementor-child/functions.php on line 238

2024-01-08T10:03:22+00:00 CRITICAL Uncaught Error: Call to undefined function get_session_value() in /home/stagfdif/public_html/FollowersStudio/wp-content/themes/hello-elementor-child/functions.php:238
Stack trace:
#0 /home/stagfdif/public_html/FollowersStudio/wp-includes/class-wp-hook.php(324): checkSession()
#1 /home/stagfdif/public_html/FollowersStudio/wp-includes/class-wp-hook.php(348): WP_Hook->apply_filters()
#2 /home/stagfdif/public_html/FollowersStudio/wp-includes/plugin.php(517): WP_Hook->do_action()
#3 /home/stagfdif/public_html/FollowersStudio/wp-admin/admin-ajax.php(188): do_action()
#4 {main}
  thrown in /home/stagfdif/public_html/FollowersStudio/wp-content/themes/hello-elementor-child/functions.php on line 238

2024-01-08T10:03:23+00:00 CRITICAL Uncaught Error: Call to undefined function get_session_value() in /home/stagfdif/public_html/FollowersStudio/wp-content/themes/hello-elementor-child/functions.php:238
Stack trace:
#0 /home/stagfdif/public_html/FollowersStudio/wp-includes/class-wp-hook.php(324): checkSession()
#1 /home/stagfdif/public_html/FollowersStudio/wp-includes/class-wp-hook.php(348): WP_Hook->apply_filters()
#2 /home/stagfdif/public_html/FollowersStudio/wp-includes/plugin.php(517): WP_Hook->do_action()
#3 /home/stagfdif/public_html/FollowersStudio/wp-admin/admin-ajax.php(188): do_action()
#4 {main}
  thrown in /home/stagfdif/public_html/FollowersStudio/wp-content/themes/hello-elementor-child/functions.php on line 238

2024-01-08T10:03:24+00:00 CRITICAL Uncaught Error: Call to undefined function get_session_value() in /home/stagfdif/public_html/FollowersStudio/wp-content/themes/hello-elementor-child/functions.php:238
Stack trace:
#0 /home/stagfdif/public_html/FollowersStudio/wp-includes/class-wp-hook.php(324): checkSession()
#1 /home/stagfdif/public_html/FollowersStudio/wp-includes/class-wp-hook.php(348): WP_Hook->apply_filters()
#2 /home/stagfdif/public_html/FollowersStudio/wp-includes/plugin.php(517): WP_Hook->do_action()
#3 /home/stagfdif/public_html/FollowersStudio/wp-admin/admin-ajax.php(188): do_action()
#4 {main}
  thrown in /home/stagfdif/public_html/FollowersStudio/wp-content/themes/hello-elementor-child/functions.php on line 238

2024-01-08T10:03:24+00:00 CRITICAL Uncaught Error: Call to undefined function get_session_value() in /home/stagfdif/public_html/FollowersStudio/wp-content/themes/hello-elementor-child/functions.php:238
Stack trace:
#0 /home/stagfdif/public_html/FollowersStudio/wp-includes/class-wp-hook.php(324): checkSession()
#1 /home/stagfdif/public_html/FollowersStudio/wp-includes/class-wp-hook.php(348): WP_Hook->apply_filters()
#2 /home/stagfdif/public_html/FollowersStudio/wp-includes/plugin.php(517): WP_Hook->do_action()
#3 /home/stagfdif/public_html/FollowersStudio/wp-admin/admin-ajax.php(188): do_action()
#4 {main}
  thrown in /home/stagfdif/public_html/FollowersStudio/wp-content/themes/hello-elementor-child/functions.php on line 238

2024-01-08T10:03:26+00:00 CRITICAL Uncaught Error: Call to undefined function get_session_value() in /home/stagfdif/public_html/FollowersStudio/wp-content/themes/hello-elementor-child/functions.php:238
Stack trace:
#0 /home/stagfdif/public_html/FollowersStudio/wp-includes/class-wp-hook.php(324): checkSession()
#1 /home/stagfdif/public_html/FollowersStudio/wp-includes/class-wp-hook.php(348): WP_Hook->apply_filters()
#2 /home/stagfdif/public_html/FollowersStudio/wp-includes/plugin.php(517): WP_Hook->do_action()
#3 /home/stagfdif/public_html/FollowersStudio/wp-admin/admin-ajax.php(188): do_action()
#4 {main}
  thrown in /home/stagfdif/public_html/FollowersStudio/wp-content/themes/hello-elementor-child/functions.php on line 238

2024-01-08T10:03:26+00:00 CRITICAL Uncaught Error: Call to undefined function get_session_value() in /home/stagfdif/public_html/FollowersStudio/wp-content/themes/hello-elementor-child/functions.php:238
Stack trace:
#0 /home/stagfdif/public_html/FollowersStudio/wp-includes/class-wp-hook.php(324): checkSession()
#1 /home/stagfdif/public_html/FollowersStudio/wp-includes/class-wp-hook.php(348): WP_Hook->apply_filters()
#2 /home/stagfdif/public_html/FollowersStudio/wp-includes/plugin.php(517): WP_Hook->do_action()
#3 /home/stagfdif/public_html/FollowersStudio/wp-admin/admin-ajax.php(188): do_action()
#4 {main}
  thrown in /home/stagfdif/public_html/FollowersStudio/wp-content/themes/hello-elementor-child/functions.php on line 238

2024-01-08T10:03:28+00:00 CRITICAL Uncaught Error: Call to undefined function get_session_value() in /home/stagfdif/public_html/FollowersStudio/wp-content/themes/hello-elementor-child/functions.php:238
Stack trace:
#0 /home/stagfdif/public_html/FollowersStudio/wp-includes/class-wp-hook.php(324): checkSession()
#1 /home/stagfdif/public_html/FollowersStudio/wp-includes/class-wp-hook.php(348): WP_Hook->apply_filters()
#2 /home/stagfdif/public_html/FollowersStudio/wp-includes/plugin.php(517): WP_Hook->do_action()
#3 /home/stagfdif/public_html/FollowersStudio/wp-admin/admin-ajax.php(188): do_action()
#4 {main}
  thrown in /home/stagfdif/public_html/FollowersStudio/wp-content/themes/hello-elementor-child/functions.php on line 238

2024-01-08T10:03:29+00:00 CRITICAL Uncaught Error: Call to undefined function get_session_value() in /home/stagfdif/public_html/FollowersStudio/wp-content/themes/hello-elementor-child/functions.php:238
Stack trace:
#0 /home/stagfdif/public_html/FollowersStudio/wp-includes/class-wp-hook.php(324): checkSession()
#1 /home/stagfdif/public_html/FollowersStudio/wp-includes/class-wp-hook.php(348): WP_Hook->apply_filters()
#2 /home/stagfdif/public_html/FollowersStudio/wp-includes/plugin.php(517): WP_Hook->do_action()
#3 /home/stagfdif/public_html/FollowersStudio/wp-admin/admin-ajax.php(188): do_action()
#4 {main}
  thrown in /home/stagfdif/public_html/FollowersStudio/wp-content/themes/hello-elementor-child/functions.php on line 238

2024-01-08T10:03:30+00:00 CRITICAL Uncaught Error: Call to undefined function get_session_value() in /home/stagfdif/public_html/FollowersStudio/wp-content/themes/hello-elementor-child/functions.php:238
Stack trace:
#0 /home/stagfdif/public_html/FollowersStudio/wp-includes/class-wp-hook.php(324): checkSession()
#1 /home/stagfdif/public_html/FollowersStudio/wp-includes/class-wp-hook.php(348): WP_Hook->apply_filters()
#2 /home/stagfdif/public_html/FollowersStudio/wp-includes/plugin.php(517): WP_Hook->do_action()
#3 /home/stagfdif/public_html/FollowersStudio/wp-admin/admin-ajax.php(188): do_action()
#4 {main}
  thrown in /home/stagfdif/public_html/FollowersStudio/wp-content/themes/hello-elementor-child/functions.php on line 238

2024-01-08T10:03:31+00:00 CRITICAL Uncaught Error: Call to undefined function get_session_value() in /home/stagfdif/public_html/FollowersStudio/wp-content/themes/hello-elementor-child/functions.php:238
Stack trace:
#0 /home/stagfdif/public_html/FollowersStudio/wp-includes/class-wp-hook.php(324): checkSession()
#1 /home/stagfdif/public_html/FollowersStudio/wp-includes/class-wp-hook.php(348): WP_Hook->apply_filters()
#2 /home/stagfdif/public_html/FollowersStudio/wp-includes/plugin.php(517): WP_Hook->do_action()
#3 /home/stagfdif/public_html/FollowersStudio/wp-admin/admin-ajax.php(188): do_action()
#4 {main}
  thrown in /home/stagfdif/public_html/FollowersStudio/wp-content/themes/hello-elementor-child/functions.php on line 238

2024-01-08T10:03:32+00:00 CRITICAL Uncaught Error: Call to undefined function get_session_value() in /home/stagfdif/public_html/FollowersStudio/wp-content/themes/hello-elementor-child/functions.php:238
Stack trace:
#0 /home/stagfdif/public_html/FollowersStudio/wp-includes/class-wp-hook.php(324): checkSession()
#1 /home/stagfdif/public_html/FollowersStudio/wp-includes/class-wp-hook.php(348): WP_Hook->apply_filters()
#2 /home/stagfdif/public_html/FollowersStudio/wp-includes/plugin.php(517): WP_Hook->do_action()
#3 /home/stagfdif/public_html/FollowersStudio/wp-admin/admin-ajax.php(188): do_action()
#4 {main}
  thrown in /home/stagfdif/public_html/FollowersStudio/wp-content/themes/hello-elementor-child/functions.php on line 238

2024-01-08T10:03:33+00:00 CRITICAL Uncaught Error: Call to undefined function get_session_value() in /home/stagfdif/public_html/FollowersStudio/wp-content/themes/hello-elementor-child/functions.php:238
Stack trace:
#0 /home/stagfdif/public_html/FollowersStudio/wp-includes/class-wp-hook.php(324): checkSession()
#1 /home/stagfdif/public_html/FollowersStudio/wp-includes/class-wp-hook.php(348): WP_Hook->apply_filters()
#2 /home/stagfdif/public_html/FollowersStudio/wp-includes/plugin.php(517): WP_Hook->do_action()
#3 /home/stagfdif/public_html/FollowersStudio/wp-admin/admin-ajax.php(188): do_action()
#4 {main}
  thrown in /home/stagfdif/public_html/FollowersStudio/wp-content/themes/hello-elementor-child/functions.php on line 238

2024-01-08T10:03:34+00:00 CRITICAL Uncaught Error: Call to undefined function set_session_value() in /home/stagfdif/public_html/FollowersStudio/wp-content/themes/hello-elementor-child/functions.php:230
Stack trace:
#0 /home/stagfdif/public_html/FollowersStudio/wp-includes/class-wp-hook.php(324): dripfeed_order()
#1 /home/stagfdif/public_html/FollowersStudio/wp-includes/class-wp-hook.php(348): WP_Hook->apply_filters()
#2 /home/stagfdif/public_html/FollowersStudio/wp-includes/plugin.php(517): WP_Hook->do_action()
#3 /home/stagfdif/public_html/FollowersStudio/wp-admin/admin-ajax.php(188): do_action()
#4 {main}
  thrown in /home/stagfdif/public_html/FollowersStudio/wp-content/themes/hello-elementor-child/functions.php on line 230

2024-01-08T10:03:34+00:00 CRITICAL Uncaught Error: Call to undefined function get_session_value() in /home/stagfdif/public_html/FollowersStudio/wp-content/themes/hello-elementor-child/functions.php:238
Stack trace:
#0 /home/stagfdif/public_html/FollowersStudio/wp-includes/class-wp-hook.php(324): checkSession()
#1 /home/stagfdif/public_html/FollowersStudio/wp-includes/class-wp-hook.php(348): WP_Hook->apply_filters()
#2 /home/stagfdif/public_html/FollowersStudio/wp-includes/plugin.php(517): WP_Hook->do_action()
#3 /home/stagfdif/public_html/FollowersStudio/wp-admin/admin-ajax.php(188): do_action()
#4 {main}
  thrown in /home/stagfdif/public_html/FollowersStudio/wp-content/themes/hello-elementor-child/functions.php on line 238

2024-01-08T10:03:35+00:00 CRITICAL Uncaught Error: Call to undefined function get_session_value() in /home/stagfdif/public_html/FollowersStudio/wp-content/themes/hello-elementor-child/functions.php:238
Stack trace:
#0 /home/stagfdif/public_html/FollowersStudio/wp-includes/class-wp-hook.php(324): checkSession()
#1 /home/stagfdif/public_html/FollowersStudio/wp-includes/class-wp-hook.php(348): WP_Hook->apply_filters()
#2 /home/stagfdif/public_html/FollowersStudio/wp-includes/plugin.php(517): WP_Hook->do_action()
#3 /home/stagfdif/public_html/FollowersStudio/wp-admin/admin-ajax.php(188): do_action()
#4 {main}
  thrown in /home/stagfdif/public_html/FollowersStudio/wp-content/themes/hello-elementor-child/functions.php on line 238

2024-01-08T10:03:35+00:00 CRITICAL Uncaught Error: Call to undefined function get_session_value() in /home/stagfdif/public_html/FollowersStudio/wp-content/themes/hello-elementor-child/functions.php:238
Stack trace:
#0 /home/stagfdif/public_html/FollowersStudio/wp-includes/class-wp-hook.php(324): checkSession()
#1 /home/stagfdif/public_html/FollowersStudio/wp-includes/class-wp-hook.php(348): WP_Hook->apply_filters()
#2 /home/stagfdif/public_html/FollowersStudio/wp-includes/plugin.php(517): WP_Hook->do_action()
#3 /home/stagfdif/public_html/FollowersStudio/wp-admin/admin-ajax.php(188): do_action()
#4 {main}
  thrown in /home/stagfdif/public_html/FollowersStudio/wp-content/themes/hello-elementor-child/functions.php on line 238

2024-01-08T10:03:36+00:00 CRITICAL Uncaught Error: Call to undefined function get_session_value() in /home/stagfdif/public_html/FollowersStudio/wp-content/themes/hello-elementor-child/functions.php:238
Stack trace:
#0 /home/stagfdif/public_html/FollowersStudio/wp-includes/class-wp-hook.php(324): checkSession()
#1 /home/stagfdif/public_html/FollowersStudio/wp-includes/class-wp-hook.php(348): WP_Hook->apply_filters()
#2 /home/stagfdif/public_html/FollowersStudio/wp-includes/plugin.php(517): WP_Hook->do_action()
#3 /home/stagfdif/public_html/FollowersStudio/wp-admin/admin-ajax.php(188): do_action()
#4 {main}
  thrown in /home/stagfdif/public_html/FollowersStudio/wp-content/themes/hello-elementor-child/functions.php on line 238

2024-01-08T10:03:37+00:00 CRITICAL Uncaught Error: Call to undefined function get_session_value() in /home/stagfdif/public_html/FollowersStudio/wp-content/themes/hello-elementor-child/functions.php:238
Stack trace:
#0 /home/stagfdif/public_html/FollowersStudio/wp-includes/class-wp-hook.php(324): checkSession()
#1 /home/stagfdif/public_html/FollowersStudio/wp-includes/class-wp-hook.php(348): WP_Hook->apply_filters()
#2 /home/stagfdif/public_html/FollowersStudio/wp-includes/plugin.php(517): WP_Hook->do_action()
#3 /home/stagfdif/public_html/FollowersStudio/wp-admin/admin-ajax.php(188): do_action()
#4 {main}
  thrown in /home/stagfdif/public_html/FollowersStudio/wp-content/themes/hello-elementor-child/functions.php on line 238

2024-01-08T10:03:37+00:00 CRITICAL Uncaught Error: Call to undefined function get_session_value() in /home/stagfdif/public_html/FollowersStudio/wp-content/themes/hello-elementor-child/functions.php:238
Stack trace:
#0 /home/stagfdif/public_html/FollowersStudio/wp-includes/class-wp-hook.php(324): checkSession()
#1 /home/stagfdif/public_html/FollowersStudio/wp-includes/class-wp-hook.php(348): WP_Hook->apply_filters()
#2 /home/stagfdif/public_html/FollowersStudio/wp-includes/plugin.php(517): WP_Hook->do_action()
#3 /home/stagfdif/public_html/FollowersStudio/wp-admin/admin-ajax.php(188): do_action()
#4 {main}
  thrown in /home/stagfdif/public_html/FollowersStudio/wp-content/themes/hello-elementor-child/functions.php on line 238

2024-01-08T10:03:38+00:00 CRITICAL Uncaught Error: Call to undefined function get_session_value() in /home/stagfdif/public_html/FollowersStudio/wp-content/themes/hello-elementor-child/functions.php:238
Stack trace:
#0 /home/stagfdif/public_html/FollowersStudio/wp-includes/class-wp-hook.php(324): checkSession()
#1 /home/stagfdif/public_html/FollowersStudio/wp-includes/class-wp-hook.php(348): WP_Hook->apply_filters()
#2 /home/stagfdif/public_html/FollowersStudio/wp-includes/plugin.php(517): WP_Hook->do_action()
#3 /home/stagfdif/public_html/FollowersStudio/wp-admin/admin-ajax.php(188): do_action()
#4 {main}
  thrown in /home/stagfdif/public_html/FollowersStudio/wp-content/themes/hello-elementor-child/functions.php on line 238

2024-01-08T10:03:39+00:00 CRITICAL Uncaught Error: Call to undefined function get_session_value() in /home/stagfdif/public_html/FollowersStudio/wp-content/themes/hello-elementor-child/functions.php:238
Stack trace:
#0 /home/stagfdif/public_html/FollowersStudio/wp-includes/class-wp-hook.php(324): checkSession()
#1 /home/stagfdif/public_html/FollowersStudio/wp-includes/class-wp-hook.php(348): WP_Hook->apply_filters()
#2 /home/stagfdif/public_html/FollowersStudio/wp-includes/plugin.php(517): WP_Hook->do_action()
#3 /home/stagfdif/public_html/FollowersStudio/wp-admin/admin-ajax.php(188): do_action()
#4 {main}
  thrown in /home/stagfdif/public_html/FollowersStudio/wp-content/themes/hello-elementor-child/functions.php on line 238

2024-01-08T10:03:40+00:00 CRITICAL Uncaught Error: Call to undefined function get_session_value() in /home/stagfdif/public_html/FollowersStudio/wp-content/themes/hello-elementor-child/functions.php:238
Stack trace:
#0 /home/stagfdif/public_html/FollowersStudio/wp-includes/class-wp-hook.php(324): checkSession()
#1 /home/stagfdif/public_html/FollowersStudio/wp-includes/class-wp-hook.php(348): WP_Hook->apply_filters()
#2 /home/stagfdif/public_html/FollowersStudio/wp-includes/plugin.php(517): WP_Hook->do_action()
#3 /home/stagfdif/public_html/FollowersStudio/wp-admin/admin-ajax.php(188): do_action()
#4 {main}
  thrown in /home/stagfdif/public_html/FollowersStudio/wp-content/themes/hello-elementor-child/functions.php on line 238

2024-01-08T10:03:40+00:00 CRITICAL Uncaught Error: Call to undefined function get_session_value() in /home/stagfdif/public_html/FollowersStudio/wp-content/themes/hello-elementor-child/functions.php:238
Stack trace:
#0 /home/stagfdif/public_html/FollowersStudio/wp-includes/class-wp-hook.php(324): checkSession()
#1 /home/stagfdif/public_html/FollowersStudio/wp-includes/class-wp-hook.php(348): WP_Hook->apply_filters()
#2 /home/stagfdif/public_html/FollowersStudio/wp-includes/plugin.php(517): WP_Hook->do_action()
#3 /home/stagfdif/public_html/FollowersStudio/wp-admin/admin-ajax.php(188): do_action()
#4 {main}
  thrown in /home/stagfdif/public_html/FollowersStudio/wp-content/themes/hello-elementor-child/functions.php on line 238

2024-01-08T10:03:41+00:00 CRITICAL Uncaught Error: Call to undefined function get_session_value() in /home/stagfdif/public_html/FollowersStudio/wp-content/themes/hello-elementor-child/functions.php:238
Stack trace:
#0 /home/stagfdif/public_html/FollowersStudio/wp-includes/class-wp-hook.php(324): checkSession()
#1 /home/stagfdif/public_html/FollowersStudio/wp-includes/class-wp-hook.php(348): WP_Hook->apply_filters()
#2 /home/stagfdif/public_html/FollowersStudio/wp-includes/plugin.php(517): WP_Hook->do_action()
#3 /home/stagfdif/public_html/FollowersStudio/wp-admin/admin-ajax.php(188): do_action()
#4 {main}
  thrown in /home/stagfdif/public_html/FollowersStudio/wp-content/themes/hello-elementor-child/functions.php on line 238

2024-01-08T10:03:42+00:00 CRITICAL Uncaught Error: Call to undefined function get_session_value() in /home/stagfdif/public_html/FollowersStudio/wp-content/themes/hello-elementor-child/functions.php:238
Stack trace:
#0 /home/stagfdif/public_html/FollowersStudio/wp-includes/class-wp-hook.php(324): checkSession()
#1 /home/stagfdif/public_html/FollowersStudio/wp-includes/class-wp-hook.php(348): WP_Hook->apply_filters()
#2 /home/stagfdif/public_html/FollowersStudio/wp-includes/plugin.php(517): WP_Hook->do_action()
#3 /home/stagfdif/public_html/FollowersStudio/wp-admin/admin-ajax.php(188): do_action()
#4 {main}
  thrown in /home/stagfdif/public_html/FollowersStudio/wp-content/themes/hello-elementor-child/functions.php on line 238

2024-01-08T10:03:42+00:00 CRITICAL Uncaught Error: Call to undefined function get_session_value() in /home/stagfdif/public_html/FollowersStudio/wp-content/themes/hello-elementor-child/functions.php:238
Stack trace:
#0 /home/stagfdif/public_html/FollowersStudio/wp-includes/class-wp-hook.php(324): checkSession()
#1 /home/stagfdif/public_html/FollowersStudio/wp-includes/class-wp-hook.php(348): WP_Hook->apply_filters()
#2 /home/stagfdif/public_html/FollowersStudio/wp-includes/plugin.php(517): WP_Hook->do_action()
#3 /home/stagfdif/public_html/FollowersStudio/wp-admin/admin-ajax.php(188): do_action()
#4 {main}
  thrown in /home/stagfdif/public_html/FollowersStudio/wp-content/themes/hello-elementor-child/functions.php on line 238

2024-01-08T10:03:43+00:00 CRITICAL Uncaught Error: Call to undefined function get_session_value() in /home/stagfdif/public_html/FollowersStudio/wp-content/themes/hello-elementor-child/functions.php:238
Stack trace:
#0 /home/stagfdif/public_html/FollowersStudio/wp-includes/class-wp-hook.php(324): checkSession()
#1 /home/stagfdif/public_html/FollowersStudio/wp-includes/class-wp-hook.php(348): WP_Hook->apply_filters()
#2 /home/stagfdif/public_html/FollowersStudio/wp-includes/plugin.php(517): WP_Hook->do_action()
#3 /home/stagfdif/public_html/FollowersStudio/wp-admin/admin-ajax.php(188): do_action()
#4 {main}
  thrown in /home/stagfdif/public_html/FollowersStudio/wp-content/themes/hello-elementor-child/functions.php on line 238

2024-01-08T10:03:43+00:00 CRITICAL Uncaught Error: Call to undefined function get_session_value() in /home/stagfdif/public_html/FollowersStudio/wp-content/themes/hello-elementor-child/functions.php:238
Stack trace:
#0 /home/stagfdif/public_html/FollowersStudio/wp-includes/class-wp-hook.php(324): checkSession()
#1 /home/stagfdif/public_html/FollowersStudio/wp-includes/class-wp-hook.php(348): WP_Hook->apply_filters()
#2 /home/stagfdif/public_html/FollowersStudio/wp-includes/plugin.php(517): WP_Hook->do_action()
#3 /home/stagfdif/public_html/FollowersStudio/wp-admin/admin-ajax.php(188): do_action()
#4 {main}
  thrown in /home/stagfdif/public_html/FollowersStudio/wp-content/themes/hello-elementor-child/functions.php on line 238

2024-01-08T10:03:44+00:00 CRITICAL Uncaught Error: Call to undefined function get_session_value() in /home/stagfdif/public_html/FollowersStudio/wp-content/themes/hello-elementor-child/functions.php:238
Stack trace:
#0 /home/stagfdif/public_html/FollowersStudio/wp-includes/class-wp-hook.php(324): checkSession()
#1 /home/stagfdif/public_html/FollowersStudio/wp-includes/class-wp-hook.php(348): WP_Hook->apply_filters()
#2 /home/stagfdif/public_html/FollowersStudio/wp-includes/plugin.php(517): WP_Hook->do_action()
#3 /home/stagfdif/public_html/FollowersStudio/wp-admin/admin-ajax.php(188): do_action()
#4 {main}
  thrown in /home/stagfdif/public_html/FollowersStudio/wp-content/themes/hello-elementor-child/functions.php on line 238

2024-01-08T10:03:46+00:00 CRITICAL Uncaught Error: Call to undefined function get_session_value() in /home/stagfdif/public_html/FollowersStudio/wp-content/themes/hello-elementor-child/functions.php:238
Stack trace:
#0 /home/stagfdif/public_html/FollowersStudio/wp-includes/class-wp-hook.php(324): checkSession()
#1 /home/stagfdif/public_html/FollowersStudio/wp-includes/class-wp-hook.php(348): WP_Hook->apply_filters()
#2 /home/stagfdif/public_html/FollowersStudio/wp-includes/plugin.php(517): WP_Hook->do_action()
#3 /home/stagfdif/public_html/FollowersStudio/wp-admin/admin-ajax.php(188): do_action()
#4 {main}
  thrown in /home/stagfdif/public_html/FollowersStudio/wp-content/themes/hello-elementor-child/functions.php on line 238

2024-01-08T10:03:46+00:00 CRITICAL Uncaught Error: Call to undefined function get_session_value() in /home/stagfdif/public_html/FollowersStudio/wp-content/themes/hello-elementor-child/functions.php:238
Stack trace:
#0 /home/stagfdif/public_html/FollowersStudio/wp-includes/class-wp-hook.php(324): checkSession()
#1 /home/stagfdif/public_html/FollowersStudio/wp-includes/class-wp-hook.php(348): WP_Hook->apply_filters()
#2 /home/stagfdif/public_html/FollowersStudio/wp-includes/plugin.php(517): WP_Hook->do_action()
#3 /home/stagfdif/public_html/FollowersStudio/wp-admin/admin-ajax.php(188): do_action()
#4 {main}
  thrown in /home/stagfdif/public_html/FollowersStudio/wp-content/themes/hello-elementor-child/functions.php on line 238

2024-01-08T10:03:46+00:00 CRITICAL Uncaught Error: Call to undefined function get_session_value() in /home/stagfdif/public_html/FollowersStudio/wp-content/themes/hello-elementor-child/functions.php:238
Stack trace:
#0 /home/stagfdif/public_html/FollowersStudio/wp-includes/class-wp-hook.php(324): checkSession()
#1 /home/stagfdif/public_html/FollowersStudio/wp-includes/class-wp-hook.php(348): WP_Hook->apply_filters()
#2 /home/stagfdif/public_html/FollowersStudio/wp-includes/plugin.php(517): WP_Hook->do_action()
#3 /home/stagfdif/public_html/FollowersStudio/wp-admin/admin-ajax.php(188): do_action()
#4 {main}
  thrown in /home/stagfdif/public_html/FollowersStudio/wp-content/themes/hello-elementor-child/functions.php on line 238

2024-01-08T10:03:47+00:00 CRITICAL Uncaught Error: Call to undefined function get_session_value() in /home/stagfdif/public_html/FollowersStudio/wp-content/themes/hello-elementor-child/functions.php:238
Stack trace:
#0 /home/stagfdif/public_html/FollowersStudio/wp-includes/class-wp-hook.php(324): checkSession()
#1 /home/stagfdif/public_html/FollowersStudio/wp-includes/class-wp-hook.php(348): WP_Hook->apply_filters()
#2 /home/stagfdif/public_html/FollowersStudio/wp-includes/plugin.php(517): WP_Hook->do_action()
#3 /home/stagfdif/public_html/FollowersStudio/wp-admin/admin-ajax.php(188): do_action()
#4 {main}
  thrown in /home/stagfdif/public_html/FollowersStudio/wp-content/themes/hello-elementor-child/functions.php on line 238

2024-01-08T10:03:48+00:00 CRITICAL Uncaught Error: Call to undefined function get_session_value() in /home/stagfdif/public_html/FollowersStudio/wp-content/themes/hello-elementor-child/functions.php:238
Stack trace:
#0 /home/stagfdif/public_html/FollowersStudio/wp-includes/class-wp-hook.php(324): checkSession()
#1 /home/stagfdif/public_html/FollowersStudio/wp-includes/class-wp-hook.php(348): WP_Hook->apply_filters()
#2 /home/stagfdif/public_html/FollowersStudio/wp-includes/plugin.php(517): WP_Hook->do_action()
#3 /home/stagfdif/public_html/FollowersStudio/wp-admin/admin-ajax.php(188): do_action()
#4 {main}
  thrown in /home/stagfdif/public_html/FollowersStudio/wp-content/themes/hello-elementor-child/functions.php on line 238

2024-01-08T10:03:48+00:00 CRITICAL Uncaught Error: Call to undefined function get_session_value() in /home/stagfdif/public_html/FollowersStudio/wp-content/themes/hello-elementor-child/functions.php:238
Stack trace:
#0 /home/stagfdif/public_html/FollowersStudio/wp-includes/class-wp-hook.php(324): checkSession()
#1 /home/stagfdif/public_html/FollowersStudio/wp-includes/class-wp-hook.php(348): WP_Hook->apply_filters()
#2 /home/stagfdif/public_html/FollowersStudio/wp-includes/plugin.php(517): WP_Hook->do_action()
#3 /home/stagfdif/public_html/FollowersStudio/wp-admin/admin-ajax.php(188): do_action()
#4 {main}
  thrown in /home/stagfdif/public_html/FollowersStudio/wp-content/themes/hello-elementor-child/functions.php on line 238

2024-01-08T10:03:50+00:00 CRITICAL Uncaught Error: Call to undefined function get_session_value() in /home/stagfdif/public_html/FollowersStudio/wp-content/themes/hello-elementor-child/functions.php:238
Stack trace:
#0 /home/stagfdif/public_html/FollowersStudio/wp-includes/class-wp-hook.php(324): checkSession()
#1 /home/stagfdif/public_html/FollowersStudio/wp-includes/class-wp-hook.php(348): WP_Hook->apply_filters()
#2 /home/stagfdif/public_html/FollowersStudio/wp-includes/plugin.php(517): WP_Hook->do_action()
#3 /home/stagfdif/public_html/FollowersStudio/wp-admin/admin-ajax.php(188): do_action()
#4 {main}
  thrown in /home/stagfdif/public_html/FollowersStudio/wp-content/themes/hello-elementor-child/functions.php on line 238

2024-01-08T10:03:50+00:00 CRITICAL Uncaught Error: Call to undefined function get_session_value() in /home/stagfdif/public_html/FollowersStudio/wp-content/themes/hello-elementor-child/functions.php:238
Stack trace:
#0 /home/stagfdif/public_html/FollowersStudio/wp-includes/class-wp-hook.php(324): checkSession()
#1 /home/stagfdif/public_html/FollowersStudio/wp-includes/class-wp-hook.php(348): WP_Hook->apply_filters()
#2 /home/stagfdif/public_html/FollowersStudio/wp-includes/plugin.php(517): WP_Hook->do_action()
#3 /home/stagfdif/public_html/FollowersStudio/wp-admin/admin-ajax.php(188): do_action()
#4 {main}
  thrown in /home/stagfdif/public_html/FollowersStudio/wp-content/themes/hello-elementor-child/functions.php on line 238

2024-01-08T10:03:50+00:00 CRITICAL Uncaught Error: Call to undefined function get_session_value() in /home/stagfdif/public_html/FollowersStudio/wp-content/themes/hello-elementor-child/functions.php:238
Stack trace:
#0 /home/stagfdif/public_html/FollowersStudio/wp-includes/class-wp-hook.php(324): checkSession()
#1 /home/stagfdif/public_html/FollowersStudio/wp-includes/class-wp-hook.php(348): WP_Hook->apply_filters()
#2 /home/stagfdif/public_html/FollowersStudio/wp-includes/plugin.php(517): WP_Hook->do_action()
#3 /home/stagfdif/public_html/FollowersStudio/wp-admin/admin-ajax.php(188): do_action()
#4 {main}
  thrown in /home/stagfdif/public_html/FollowersStudio/wp-content/themes/hello-elementor-child/functions.php on line 238

2024-01-08T10:03:51+00:00 CRITICAL Uncaught Error: Call to undefined function get_session_value() in /home/stagfdif/public_html/FollowersStudio/wp-content/themes/hello-elementor-child/functions.php:238
Stack trace:
#0 /home/stagfdif/public_html/FollowersStudio/wp-includes/class-wp-hook.php(324): checkSession()
#1 /home/stagfdif/public_html/FollowersStudio/wp-includes/class-wp-hook.php(348): WP_Hook->apply_filters()
#2 /home/stagfdif/public_html/FollowersStudio/wp-includes/plugin.php(517): WP_Hook->do_action()
#3 /home/stagfdif/public_html/FollowersStudio/wp-admin/admin-ajax.php(188): do_action()
#4 {main}
  thrown in /home/stagfdif/public_html/FollowersStudio/wp-content/themes/hello-elementor-child/functions.php on line 238

2024-01-08T10:03:51+00:00 CRITICAL Uncaught Error: Call to undefined function get_session_value() in /home/stagfdif/public_html/FollowersStudio/wp-content/themes/hello-elementor-child/functions.php:238
Stack trace:
#0 /home/stagfdif/public_html/FollowersStudio/wp-includes/class-wp-hook.php(324): checkSession()
#1 /home/stagfdif/public_html/FollowersStudio/wp-includes/class-wp-hook.php(348): WP_Hook->apply_filters()
#2 /home/stagfdif/public_html/FollowersStudio/wp-includes/plugin.php(517): WP_Hook->do_action()
#3 /home/stagfdif/public_html/FollowersStudio/wp-admin/admin-ajax.php(188): do_action()
#4 {main}
  thrown in /home/stagfdif/public_html/FollowersStudio/wp-content/themes/hello-elementor-child/functions.php on line 238

2024-01-08T10:03:52+00:00 CRITICAL Uncaught Error: Call to undefined function get_session_value() in /home/stagfdif/public_html/FollowersStudio/wp-content/themes/hello-elementor-child/functions.php:238
Stack trace:
#0 /home/stagfdif/public_html/FollowersStudio/wp-includes/class-wp-hook.php(324): checkSession()
#1 /home/stagfdif/public_html/FollowersStudio/wp-includes/class-wp-hook.php(348): WP_Hook->apply_filters()
#2 /home/stagfdif/public_html/FollowersStudio/wp-includes/plugin.php(517): WP_Hook->do_action()
#3 /home/stagfdif/public_html/FollowersStudio/wp-admin/admin-ajax.php(188): do_action()
#4 {main}
  thrown in /home/stagfdif/public_html/FollowersStudio/wp-content/themes/hello-elementor-child/functions.php on line 238

2024-01-08T10:03:53+00:00 CRITICAL Uncaught Error: Call to undefined function get_session_value() in /home/stagfdif/public_html/FollowersStudio/wp-content/themes/hello-elementor-child/functions.php:238
Stack trace:
#0 /home/stagfdif/public_html/FollowersStudio/wp-includes/class-wp-hook.php(324): checkSession()
#1 /home/stagfdif/public_html/FollowersStudio/wp-includes/class-wp-hook.php(348): WP_Hook->apply_filters()
#2 /home/stagfdif/public_html/FollowersStudio/wp-includes/plugin.php(517): WP_Hook->do_action()
#3 /home/stagfdif/public_html/FollowersStudio/wp-admin/admin-ajax.php(188): do_action()
#4 {main}
  thrown in /home/stagfdif/public_html/FollowersStudio/wp-content/themes/hello-elementor-child/functions.php on line 238

2024-01-08T10:03:53+00:00 CRITICAL Uncaught Error: Call to undefined function get_session_value() in /home/stagfdif/public_html/FollowersStudio/wp-content/themes/hello-elementor-child/functions.php:238
Stack trace:
#0 /home/stagfdif/public_html/FollowersStudio/wp-includes/class-wp-hook.php(324): checkSession()
#1 /home/stagfdif/public_html/FollowersStudio/wp-includes/class-wp-hook.php(348): WP_Hook->apply_filters()
#2 /home/stagfdif/public_html/FollowersStudio/wp-includes/plugin.php(517): WP_Hook->do_action()
#3 /home/stagfdif/public_html/FollowersStudio/wp-admin/admin-ajax.php(188): do_action()
#4 {main}
  thrown in /home/stagfdif/public_html/FollowersStudio/wp-content/themes/hello-elementor-child/functions.php on line 238

2024-01-08T10:03:54+00:00 CRITICAL Uncaught Error: Call to undefined function get_session_value() in /home/stagfdif/public_html/FollowersStudio/wp-content/themes/hello-elementor-child/functions.php:238
Stack trace:
#0 /home/stagfdif/public_html/FollowersStudio/wp-includes/class-wp-hook.php(324): checkSession()
#1 /home/stagfdif/public_html/FollowersStudio/wp-includes/class-wp-hook.php(348): WP_Hook->apply_filters()
#2 /home/stagfdif/public_html/FollowersStudio/wp-includes/plugin.php(517): WP_Hook->do_action()
#3 /home/stagfdif/public_html/FollowersStudio/wp-admin/admin-ajax.php(188): do_action()
#4 {main}
  thrown in /home/stagfdif/public_html/FollowersStudio/wp-content/themes/hello-elementor-child/functions.php on line 238

2024-01-08T10:03:55+00:00 CRITICAL Uncaught Error: Call to undefined function get_session_value() in /home/stagfdif/public_html/FollowersStudio/wp-content/themes/hello-elementor-child/functions.php:238
Stack trace:
#0 /home/stagfdif/public_html/FollowersStudio/wp-includes/class-wp-hook.php(324): checkSession()
#1 /home/stagfdif/public_html/FollowersStudio/wp-includes/class-wp-hook.php(348): WP_Hook->apply_filters()
#2 /home/stagfdif/public_html/FollowersStudio/wp-includes/plugin.php(517): WP_Hook->do_action()
#3 /home/stagfdif/public_html/FollowersStudio/wp-admin/admin-ajax.php(188): do_action()
#4 {main}
  thrown in /home/stagfdif/public_html/FollowersStudio/wp-content/themes/hello-elementor-child/functions.php on line 238

2024-01-08T10:03:56+00:00 CRITICAL Uncaught Error: Call to undefined function get_session_value() in /home/stagfdif/public_html/FollowersStudio/wp-content/themes/hello-elementor-child/functions.php:238
Stack trace:
#0 /home/stagfdif/public_html/FollowersStudio/wp-includes/class-wp-hook.php(324): checkSession()
#1 /home/stagfdif/public_html/FollowersStudio/wp-includes/class-wp-hook.php(348): WP_Hook->apply_filters()
#2 /home/stagfdif/public_html/FollowersStudio/wp-includes/plugin.php(517): WP_Hook->do_action()
#3 /home/stagfdif/public_html/FollowersStudio/wp-admin/admin-ajax.php(188): do_action()
#4 {main}
  thrown in /home/stagfdif/public_html/FollowersStudio/wp-content/themes/hello-elementor-child/functions.php on line 238

2024-01-08T10:06:50+00:00 CRITICAL Uncaught Error: Call to undefined function set_session_value() in /home/stagfdif/public_html/FollowersStudio/wp-content/themes/hello-elementor-child/functions.php:230
Stack trace:
#0 /home/stagfdif/public_html/FollowersStudio/wp-includes/class-wp-hook.php(324): dripfeed_order()
#1 /home/stagfdif/public_html/FollowersStudio/wp-includes/class-wp-hook.php(348): WP_Hook->apply_filters()
#2 /home/stagfdif/public_html/FollowersStudio/wp-includes/plugin.php(517): WP_Hook->do_action()
#3 /home/stagfdif/public_html/FollowersStudio/wp-admin/admin-ajax.php(188): do_action()
#4 {main}
  thrown in /home/stagfdif/public_html/FollowersStudio/wp-content/themes/hello-elementor-child/functions.php on line 230

2024-01-08T13:05:26+00:00 CRITICAL Uncaught ArgumentCountError: Too few arguments to function wc_maybe_store_user_agent(), 1 passed in /home/stagfdif/public_html/FollowersStudio/wp-includes/class-wp-hook.php on line 324 and exactly 2 expected in /home/stagfdif/public_html/FollowersStudio/wp-content/plugins/woocommerce/includes/wc-user-functions.php:919
Stack trace:
#0 /home/stagfdif/public_html/FollowersStudio/wp-includes/class-wp-hook.php(324): wc_maybe_store_user_agent()
#1 /home/stagfdif/public_html/FollowersStudio/wp-includes/class-wp-hook.php(348): WP_Hook->apply_filters()
#2 /home/stagfdif/public_html/FollowersStudio/wp-includes/plugin.php(517): WP_Hook->do_action()
#3 /home/stagfdif/public_html/FollowersStudio/wp-content/themes/hello-elementor-child/functions.php(250): do_action()
#4 /home/stagfdif/public_html/FollowersStudio/wp-includes/class-wp-hook.php(324): user_registration()
#5 /home/stagfdif/public_html/FollowersStudio/wp-includes/class-wp-hook.php(348): WP_Hook->apply_filters()
#6 /home/stagfdif/public_html/FollowersStudio/wp-includes/plugin.php(517): WP_Hook->do_action()
#7 /home/stagfdif/public_html/FollowersStudio/wp-admin/admin-ajax.php(203): do_action()
#8 {main}
  thrown in /home/stagfdif/public_html/FollowersStudio/wp-content/plugins/woocommerce/includes/wc-user-functions.php on line 919

2024-01-08T13:07:23+00:00 CRITICAL Uncaught ArgumentCountError: Too few arguments to function wc_maybe_store_user_agent(), 1 passed in /home/stagfdif/public_html/FollowersStudio/wp-includes/class-wp-hook.php on line 324 and exactly 2 expected in /home/stagfdif/public_html/FollowersStudio/wp-content/plugins/woocommerce/includes/wc-user-functions.php:919
Stack trace:
#0 /home/stagfdif/public_html/FollowersStudio/wp-includes/class-wp-hook.php(324): wc_maybe_store_user_agent()
#1 /home/stagfdif/public_html/FollowersStudio/wp-includes/class-wp-hook.php(348): WP_Hook->apply_filters()
#2 /home/stagfdif/public_html/FollowersStudio/wp-includes/plugin.php(517): WP_Hook->do_action()
#3 /home/stagfdif/public_html/FollowersStudio/wp-content/themes/hello-elementor-child/functions.php(250): do_action()
#4 /home/stagfdif/public_html/FollowersStudio/wp-includes/class-wp-hook.php(324): user_registration()
#5 /home/stagfdif/public_html/FollowersStudio/wp-includes/class-wp-hook.php(348): WP_Hook->apply_filters()
#6 /home/stagfdif/public_html/FollowersStudio/wp-includes/plugin.php(517): WP_Hook->do_action()
#7 /home/stagfdif/public_html/FollowersStudio/wp-admin/admin-ajax.php(203): do_action()
#8 {main}
  thrown in /home/stagfdif/public_html/FollowersStudio/wp-content/plugins/woocommerce/includes/wc-user-functions.php on line 919

